[1.148s] DEBUG:colcon:Command line arguments: ['/usr/bin/colcon', 'build']
[1.149s] DEBUG:colcon:Parsed command line arguments: Namespace(log_base=None, log_level=None, verb_name='build', build_base='build', install_base='install', merge_install=False, symlink_install=False, test_result_base=None, continue_on_error=False, executor='parallel', parallel_workers=4, event_handlers=None, ignore_user_meta=False, metas=['./colcon.meta'], base_paths=['.'], packages_ignore=None, packages_ignore_regex=None, paths=None, packages_up_to=None, packages_up_to_regex=None, packages_above=None, packages_above_and_dependencies=None, packages_above_depth=None, packages_select_by_dep=None, packages_skip_by_dep=None, packages_skip_up_to=None, packages_select_build_failed=False, packages_skip_build_finished=False, packages_select_test_failures=False, packages_skip_test_passed=False, packages_select=None, packages_skip=None, packages_select_regex=None, packages_skip_regex=None, packages_start=None, packages_end=None, allow_overriding=[], cmake_args=None, cmake_target=None, cmake_target_skip_unavailable=False, cmake_clean_cache=False, cmake_clean_first=False, cmake_force_configure=False, ament_cmake_args=None, catkin_cmake_args=None, catkin_skip_building_tests=False, verb_parser=<colcon_defaults.argument_parser.defaults.DefaultArgumentsDecorator object at 0xffff89327dc0>, verb_extension=<colcon_core.verb.build.BuildVerb object at 0xffff894fd1e0>, main=<bound method BuildVerb.main of <colcon_core.verb.build.BuildVerb object at 0xffff894fd1e0>>)
[3.265s] Level 1:colcon.colcon_core.package_discovery:discover_packages(colcon_meta) check parameters
[3.266s] Level 1:colcon.colcon_core.package_discovery:discover_packages(recursive) check parameters
[3.267s] Level 1:colcon.colcon_core.package_discovery:discover_packages(ignore) check parameters
[3.267s] Level 1:colcon.colcon_core.package_discovery:discover_packages(path) check parameters
[3.268s] Level 1:colcon.colcon_core.package_discovery:discover_packages(colcon_meta) discover
[3.268s] Level 1:colcon.colcon_core.package_discovery:discover_packages(recursive) discover
[3.269s] INFO:colcon.colcon_core.package_discovery:Crawling recursively for packages in '/home/ubuntu/team1-rover/ros2_ws'
[3.270s] Level 1:colcon.colcon_core.package_identification:_identify(.) by extensions ['ignore', 'ignore_ament_install']
[3.271s] Level 1:colcon.colcon_core.package_identification:_identify(.) by extension 'ignore'
[3.272s] Level 1:colcon.colcon_core.package_identification:_identify(.) by extension 'ignore_ament_install'
[3.272s] Level 1:colcon.colcon_core.package_identification:_identify(.) by extensions ['colcon_pkg']
[3.273s] Level 1:colcon.colcon_core.package_identification:_identify(.) by extension 'colcon_pkg'
[3.274s] Level 1:colcon.colcon_core.package_identification:_identify(.) by extensions ['colcon_meta']
[3.274s] Level 1:colcon.colcon_core.package_identification:_identify(.) by extension 'colcon_meta'
[3.275s] Level 1:colcon.colcon_core.package_identification:_identify(.) by extensions ['ros']
[3.275s] Level 1:colcon.colcon_core.package_identification:_identify(.) by extension 'ros'
[3.388s] Level 1:colcon.colcon_core.package_identification:_identify(.) by extensions ['cmake', 'python']
[3.389s] Level 1:colcon.colcon_core.package_identification:_identify(.) by extension 'cmake'
[3.389s] Level 1:colcon.colcon_core.package_identification:_identify(.) by extension 'python'
[3.390s] Level 1:colcon.colcon_core.package_identification:_identify(.) by extensions ['python_setup_py']
[3.391s] Level 1:colcon.colcon_core.package_identification:_identify(.) by extension 'python_setup_py'
[3.392s] Level 1:colcon.colcon_core.package_identification:_identify(build) by extensions ['ignore', 'ignore_ament_install']
[3.393s] Level 1:colcon.colcon_core.package_identification:_identify(build) by extension 'ignore'
[3.393s] Level 1:colcon.colcon_core.package_identification:_identify(build) ignored
[3.395s] Level 1:colcon.colcon_core.package_identification:_identify(install) by extensions ['ignore', 'ignore_ament_install']
[3.396s] Level 1:colcon.colcon_core.package_identification:_identify(install) by extension 'ignore'
[3.397s] Level 1:colcon.colcon_core.package_identification:_identify(install) ignored
[3.398s] Level 1:colcon.colcon_core.package_identification:_identify(log) by extensions ['ignore', 'ignore_ament_install']
[3.399s] Level 1:colcon.colcon_core.package_identification:_identify(log) by extension 'ignore'
[3.400s] Level 1:colcon.colcon_core.package_identification:_identify(log) ignored
[3.401s] Level 1:colcon.colcon_core.package_identification:_identify(src) by extensions ['ignore', 'ignore_ament_install']
[3.402s] Level 1:colcon.colcon_core.package_identification:_identify(src) by extension 'ignore'
[3.402s] Level 1:colcon.colcon_core.package_identification:_identify(src) by extension 'ignore_ament_install'
[3.403s] Level 1:colcon.colcon_core.package_identification:_identify(src) by extensions ['colcon_pkg']
[3.404s] Level 1:colcon.colcon_core.package_identification:_identify(src) by extension 'colcon_pkg'
[3.405s] Level 1:colcon.colcon_core.package_identification:_identify(src) by extensions ['colcon_meta']
[3.405s] Level 1:colcon.colcon_core.package_identification:_identify(src) by extension 'colcon_meta'
[3.406s] Level 1:colcon.colcon_core.package_identification:_identify(src) by extensions ['ros']
[3.406s] Level 1:colcon.colcon_core.package_identification:_identify(src) by extension 'ros'
[3.408s] Level 1:colcon.colcon_core.package_identification:_identify(src) by extensions ['cmake', 'python']
[3.408s] Level 1:colcon.colcon_core.package_identification:_identify(src) by extension 'cmake'
[3.409s] Level 1:colcon.colcon_core.package_identification:_identify(src) by extension 'python'
[3.410s] Level 1:colcon.colcon_core.package_identification:_identify(src) by extensions ['python_setup_py']
[3.410s] Level 1:colcon.colcon_core.package_identification:_identify(src) by extension 'python_setup_py'
[3.411s] Level 1:colcon.colcon_core.package_identification:_identify(src/py_rospackage) by extensions ['ignore', 'ignore_ament_install']
[3.412s] Level 1:colcon.colcon_core.package_identification:_identify(src/py_rospackage) by extension 'ignore'
[3.413s] Level 1:colcon.colcon_core.package_identification:_identify(src/py_rospackage) by extension 'ignore_ament_install'
[3.414s] Level 1:colcon.colcon_core.package_identification:_identify(src/py_rospackage) by extensions ['colcon_pkg']
[3.415s] Level 1:colcon.colcon_core.package_identification:_identify(src/py_rospackage) by extension 'colcon_pkg'
[3.415s] Level 1:colcon.colcon_core.package_identification:_identify(src/py_rospackage) by extensions ['colcon_meta']
[3.416s] Level 1:colcon.colcon_core.package_identification:_identify(src/py_rospackage) by extension 'colcon_meta'
[3.416s] Level 1:colcon.colcon_core.package_identification:_identify(src/py_rospackage) by extensions ['ros']
[3.417s] Level 1:colcon.colcon_core.package_identification:_identify(src/py_rospackage) by extension 'ros'
[3.437s] DEBUG:colcon.colcon_core.package_identification:Package 'src/py_rospackage' with type 'ros.ament_python' and name 'py_rospackage'
[3.438s] Level 1:colcon.colcon_core.package_discovery:discover_packages(recursive) using defaults
[3.439s] Level 1:colcon.colcon_core.package_discovery:discover_packages(ignore) discover
[3.439s] Level 1:colcon.colcon_core.package_discovery:discover_packages(ignore) using defaults
[3.439s] Level 1:colcon.colcon_core.package_discovery:discover_packages(path) discover
[3.440s] Level 1:colcon.colcon_core.package_discovery:discover_packages(path) using defaults
[3.622s] Level 1:colcon.colcon_core.package_discovery:discover_packages(prefix_path) check parameters
[3.622s] Level 1:colcon.colcon_core.package_discovery:discover_packages(prefix_path) discover
[3.650s] DEBUG:colcon.colcon_installed_package_information.package_discovery:Found 1 installed packages in /home/ubuntu/team1-rover/ros2_ws/install
[3.655s] DEBUG:colcon.colcon_installed_package_information.package_discovery:Found 1 installed packages in /home/ubuntu/Downloads/Two-Month-2025-Rover-Team-1-Software/ROS2/ros2_ws/install
[3.666s] DEBUG:colcon.colcon_installed_package_information.package_discovery:Found 271 installed packages in /opt/ros/humble
[3.765s] Level 1:colcon.colcon_core.package_discovery:discover_packages(prefix_path) using defaults
[4.253s] Level 5:colcon.colcon_core.verb:set package 'py_rospackage' build argument 'cmake_args' from command line to 'None'
[4.254s] Level 5:colcon.colcon_core.verb:set package 'py_rospackage' build argument 'cmake_target' from command line to 'None'
[4.254s] Level 5:colcon.colcon_core.verb:set package 'py_rospackage' build argument 'cmake_target_skip_unavailable' from command line to 'False'
[4.255s] Level 5:colcon.colcon_core.verb:set package 'py_rospackage' build argument 'cmake_clean_cache' from command line to 'False'
[4.255s] Level 5:colcon.colcon_core.verb:set package 'py_rospackage' build argument 'cmake_clean_first' from command line to 'False'
[4.256s] Level 5:colcon.colcon_core.verb:set package 'py_rospackage' build argument 'cmake_force_configure' from command line to 'False'
[4.256s] Level 5:colcon.colcon_core.verb:set package 'py_rospackage' build argument 'ament_cmake_args' from command line to 'None'
[4.256s] Level 5:colcon.colcon_core.verb:set package 'py_rospackage' build argument 'catkin_cmake_args' from command line to 'None'
[4.257s] Level 5:colcon.colcon_core.verb:set package 'py_rospackage' build argument 'catkin_skip_building_tests' from command line to 'False'
[4.257s] DEBUG:colcon.colcon_core.verb:Building package 'py_rospackage' with the following arguments: {'ament_cmake_args': None, 'build_base': '/home/ubuntu/team1-rover/ros2_ws/build/py_rospackage', 'catkin_cmake_args': None, 'catkin_skip_building_tests': False, 'cmake_args': None, 'cmake_clean_cache': False, 'cmake_clean_first': False, 'cmake_force_configure': False, 'cmake_target': None, 'cmake_target_skip_unavailable': False, 'install_base': '/home/ubuntu/team1-rover/ros2_ws/install/py_rospackage', 'merge_install': False, 'path': '/home/ubuntu/team1-rover/ros2_ws/src/py_rospackage', 'symlink_install': False, 'test_result_base': None}
[4.259s] INFO:colcon.colcon_core.executor:Executing jobs using 'parallel' executor
[4.267s] DEBUG:colcon.colcon_parallel_executor.executor.parallel:run_until_complete
[4.269s] INFO:colcon.colcon_ros.task.ament_python.build:Building ROS package in '/home/ubuntu/team1-rover/ros2_ws/src/py_rospackage' with build type 'ament_python'
[4.271s] Level 1:colcon.colcon_core.shell:create_environment_hook('py_rospackage', 'ament_prefix_path')
[4.293s] INFO:colcon.colcon_core.plugin_system:Skipping extension 'colcon_core.shell.bat': Not used on non-Windows systems
[4.296s] INFO:colcon.colcon_core.shell:Creating environment hook '/home/ubuntu/team1-rover/ros2_ws/install/py_rospackage/share/py_rospackage/hook/ament_prefix_path.ps1'
[4.302s] INFO:colcon.colcon_core.shell:Creating environment descriptor '/home/ubuntu/team1-rover/ros2_ws/install/py_rospackage/share/py_rospackage/hook/ament_prefix_path.dsv'
[4.307s] INFO:colcon.colcon_core.shell:Creating environment hook '/home/ubuntu/team1-rover/ros2_ws/install/py_rospackage/share/py_rospackage/hook/ament_prefix_path.sh'
[4.315s] INFO:colcon.colcon_core.shell:Skip shell extension 'powershell' for command environment: Not usable outside of PowerShell
[4.315s] DEBUG:colcon.colcon_core.shell:Skip shell extension 'dsv' for command environment
[7.188s] INFO:colcon.colcon_core.task.python.build:Building Python package in '/home/ubuntu/team1-rover/ros2_ws/src/py_rospackage'
[7.190s] INFO:colcon.colcon_core.shell:Skip shell extension 'powershell' for command environment: Not usable outside of PowerShell
[7.191s] DEBUG:colcon.colcon_core.shell:Skip shell extension 'dsv' for command environment
[10.994s] DEBUG:colcon.colcon_core.event_handler.log_command:Invoking command in '/home/ubuntu/team1-rover/ros2_ws/src/py_rospackage': PYTHONPATH=/home/ubuntu/team1-rover/ros2_ws/build/py_rospackage/prefix_override:/usr/lib/python3/dist-packages/colcon_core/task/python/colcon_distutils_commands:/home/ubuntu/team1-rover/ros2_ws/install/py_rospackage/lib/python3.10/site-packages:${PYTHONPATH} /usr/bin/python3 -W ignore:setup.py install is deprecated -W ignore:easy_install command is deprecated setup.py egg_info --egg-base ../../build/py_rospackage build --build-base /home/ubuntu/team1-rover/ros2_ws/build/py_rospackage/build install --record /home/ubuntu/team1-rover/ros2_ws/build/py_rospackage/install.log --single-version-externally-managed install_data
[14.167s] DEBUG:colcon.colcon_core.event_handler.log_command:Invoked command in '/home/ubuntu/team1-rover/ros2_ws/src/py_rospackage' returned '0': PYTHONPATH=/home/ubuntu/team1-rover/ros2_ws/build/py_rospackage/prefix_override:/usr/lib/python3/dist-packages/colcon_core/task/python/colcon_distutils_commands:/home/ubuntu/team1-rover/ros2_ws/install/py_rospackage/lib/python3.10/site-packages:${PYTHONPATH} /usr/bin/python3 -W ignore:setup.py install is deprecated -W ignore:easy_install command is deprecated setup.py egg_info --egg-base ../../build/py_rospackage build --build-base /home/ubuntu/team1-rover/ros2_ws/build/py_rospackage/build install --record /home/ubuntu/team1-rover/ros2_ws/build/py_rospackage/install.log --single-version-externally-managed install_data
[14.205s] Level 1:colcon.colcon_core.environment:checking '/home/ubuntu/team1-rover/ros2_ws/install/py_rospackage' for CMake module files
[14.216s] Level 1:colcon.colcon_core.environment:checking '/home/ubuntu/team1-rover/ros2_ws/install/py_rospackage' for CMake config files
[14.226s] Level 1:colcon.colcon_core.environment:checking '/home/ubuntu/team1-rover/ros2_ws/install/py_rospackage/lib'
[14.229s] Level 1:colcon.colcon_core.environment:checking '/home/ubuntu/team1-rover/ros2_ws/install/py_rospackage/bin'
[14.230s] Level 1:colcon.colcon_core.environment:checking '/home/ubuntu/team1-rover/ros2_ws/install/py_rospackage/lib/pkgconfig/py_rospackage.pc'
[14.234s] Level 1:colcon.colcon_core.environment:checking '/home/ubuntu/team1-rover/ros2_ws/install/py_rospackage/lib/python3.10/site-packages'
[14.235s] Level 1:colcon.colcon_core.shell:create_environment_hook('py_rospackage', 'pythonpath')
[14.239s] INFO:colcon.colcon_core.shell:Creating environment hook '/home/ubuntu/team1-rover/ros2_ws/install/py_rospackage/share/py_rospackage/hook/pythonpath.ps1'
[14.244s] INFO:colcon.colcon_core.shell:Creating environment descriptor '/home/ubuntu/team1-rover/ros2_ws/install/py_rospackage/share/py_rospackage/hook/pythonpath.dsv'
[14.248s] INFO:colcon.colcon_core.shell:Creating environment hook '/home/ubuntu/team1-rover/ros2_ws/install/py_rospackage/share/py_rospackage/hook/pythonpath.sh'
[14.258s] Level 1:colcon.colcon_core.environment:checking '/home/ubuntu/team1-rover/ros2_ws/install/py_rospackage/bin'
[14.258s] Level 1:colcon.colcon_core.environment:create_environment_scripts_only(py_rospackage)
[14.262s] INFO:colcon.colcon_core.shell:Creating package script '/home/ubuntu/team1-rover/ros2_ws/install/py_rospackage/share/py_rospackage/package.ps1'
[14.272s] INFO:colcon.colcon_core.shell:Creating package descriptor '/home/ubuntu/team1-rover/ros2_ws/install/py_rospackage/share/py_rospackage/package.dsv'
[14.278s] INFO:colcon.colcon_core.shell:Creating package script '/home/ubuntu/team1-rover/ros2_ws/install/py_rospackage/share/py_rospackage/package.sh'
[14.286s] INFO:colcon.colcon_core.shell:Creating package script '/home/ubuntu/team1-rover/ros2_ws/install/py_rospackage/share/py_rospackage/package.bash'
[14.294s] INFO:colcon.colcon_core.shell:Creating package script '/home/ubuntu/team1-rover/ros2_ws/install/py_rospackage/share/py_rospackage/package.zsh'
[14.302s] Level 1:colcon.colcon_core.environment:create_file_with_runtime_dependencies(/home/ubuntu/team1-rover/ros2_ws/install/py_rospackage/share/colcon-core/packages/py_rospackage)
[14.305s] DEBUG:colcon.colcon_parallel_executor.executor.parallel:closing loop
[14.307s] DEBUG:colcon.colcon_parallel_executor.executor.parallel:loop closed
[14.309s] DEBUG:colcon.colcon_parallel_executor.executor.parallel:run_until_complete finished with '0'
[14.310s] DEBUG:colcon.colcon_core.event_reactor:joining thread
[14.373s] INFO:colcon.colcon_core.plugin_system:Skipping extension 'colcon_notification.desktop_notification.terminal_notifier': Not used on non-Darwin systems
[14.374s] INFO:colcon.colcon_core.plugin_system:Skipping extension 'colcon_notification.desktop_notification.win32': Not used on non-Windows systems
[14.375s] INFO:colcon.colcon_notification.desktop_notification:Sending desktop notification using 'notify2'
[14.383s] DEBUG:colcon.colcon_notification.desktop_notification.notify2:Failed to initialize notify2: org.freedesktop.DBus.Error.ServiceUnknown: The name org.freedesktop.Notifications was not provided by any .service files
[14.384s] DEBUG:colcon.colcon_core.event_reactor:joined thread
[14.386s] INFO:colcon.colcon_core.shell:Creating prefix script '/home/ubuntu/team1-rover/ros2_ws/install/local_setup.ps1'
[14.396s] INFO:colcon.colcon_core.shell:Creating prefix util module '/home/ubuntu/team1-rover/ros2_ws/install/_local_setup_util_ps1.py'
[14.413s] INFO:colcon.colcon_core.shell:Creating prefix chain script '/home/ubuntu/team1-rover/ros2_ws/install/setup.ps1'
[14.427s] INFO:colcon.colcon_core.shell:Creating prefix script '/home/ubuntu/team1-rover/ros2_ws/install/local_setup.sh'
[14.434s] INFO:colcon.colcon_core.shell:Creating prefix util module '/home/ubuntu/team1-rover/ros2_ws/install/_local_setup_util_sh.py'
[14.444s] INFO:colcon.colcon_core.shell:Creating prefix chain script '/home/ubuntu/team1-rover/ros2_ws/install/setup.sh'
[14.456s] INFO:colcon.colcon_core.shell:Creating prefix script '/home/ubuntu/team1-rover/ros2_ws/install/local_setup.bash'
[14.461s] INFO:colcon.colcon_core.shell:Creating prefix chain script '/home/ubuntu/team1-rover/ros2_ws/install/setup.bash'
[14.472s] INFO:colcon.colcon_core.shell:Creating prefix script '/home/ubuntu/team1-rover/ros2_ws/install/local_setup.zsh'
[14.477s] INFO:colcon.colcon_core.shell:Creating prefix chain script '/home/ubuntu/team1-rover/ros2_ws/install/setup.zsh'
