[0.011s] Invoking command in '/home/user/ros2_ws/build/turtlesim': CMAKE_PREFIX_PATH=/opt/ros/humble /usr/bin/cmake /home/user/ros2_ws/src/ros_tutorials/turtlesim -DCMAKE_INSTALL_PREFIX=/home/user/ros2_ws/install/turtlesim
[0.068s] -- The C compiler identification is GNU 11.4.0
[0.117s] -- The CXX compiler identification is GNU 11.4.0
[0.128s] -- Detecting C compiler ABI info
[0.191s] -- Detecting C compiler ABI info - done
[0.196s] -- Check for working C compiler: /usr/bin/cc - skipped
[0.197s] -- Detecting C compile features
[0.198s] -- Detecting C compile features - done
[0.201s] -- Detecting CXX compiler ABI info
[0.271s] -- Detecting CXX compiler ABI info - done
[0.276s] -- Check for working CXX compiler: /usr/bin/c++ - skipped
[0.277s] -- Detecting CXX compile features
[0.277s] -- Detecting CXX compile features - done
[0.288s] -- Found ament_cmake: 1.3.12 (/opt/ros/humble/share/ament_cmake/cmake)
[0.418s] -- Found Python3: /usr/bin/python3 (found version "3.10.12") found components: Interpreter 
[0.501s] -- Found ament_index_cpp: 1.4.0 (/opt/ros/humble/share/ament_index_cpp/cmake)
[0.503s] -- Found geometry_msgs: 4.9.0 (/opt/ros/humble/share/geometry_msgs/cmake)
[0.543s] -- Found rosidl_generator_c: 3.1.7 (/opt/ros/humble/share/rosidl_generator_c/cmake)
[0.548s] -- Found rosidl_adapter: 3.1.7 (/opt/ros/humble/share/rosidl_adapter/cmake)
[0.557s] -- Found rosidl_generator_cpp: 3.1.7 (/opt/ros/humble/share/rosidl_generator_cpp/cmake)
[0.571s] -- Using all available rosidl_typesupport_c: rosidl_typesupport_fastrtps_c;rosidl_typesupport_introspection_c
[0.588s] -- Using all available rosidl_typesupport_cpp: rosidl_typesupport_fastrtps_cpp;rosidl_typesupport_introspection_cpp
[0.649s] -- Found rclcpp: 16.0.15 (/opt/ros/humble/share/rclcpp/cmake)
[0.690s] -- Found rmw_implementation_cmake: 6.1.2 (/opt/ros/humble/share/rmw_implementation_cmake/cmake)
[0.693s] -- Found rmw_fastrtps_cpp: 6.2.9 (/opt/ros/humble/share/rmw_fastrtps_cpp/cmake)
[0.774s] -- Found OpenSSL: /usr/lib/x86_64-linux-gnu/libcrypto.so (found version "3.0.2")  
[0.799s] -- Found FastRTPS: /opt/ros/humble/include  
[0.826s] -- Using RMW implementation 'rmw_fastrtps_cpp' as default
[0.837s] -- Looking for pthread.h
[0.911s] -- Looking for pthread.h - found
[0.911s] -- Performing Test CMAKE_HAVE_LIBC_PTHREAD
[0.989s] -- Performing Test CMAKE_HAVE_LIBC_PTHREAD - Success
[0.990s] -- Found Threads: TRUE  
[1.046s] -- Found rclcpp_action: 16.0.15 (/opt/ros/humble/share/rclcpp_action/cmake)
[1.090s] -- Found rosidl_default_generators: 1.2.0 (/opt/ros/humble/share/rosidl_default_generators/cmake)
[1.100s] -- Found std_srvs: 4.9.0 (/opt/ros/humble/share/std_srvs/cmake)
[1.421s] -- Found ament_cmake_ros: 0.10.0 (/opt/ros/humble/share/ament_cmake_ros/cmake)
[1.713s] -- Using all available rosidl_typesupport_c: rosidl_typesupport_fastrtps_c;rosidl_typesupport_introspection_c
[1.817s] -- Using all available rosidl_typesupport_cpp: rosidl_typesupport_fastrtps_cpp;rosidl_typesupport_introspection_cpp
[1.840s] -- Found PythonInterp: /usr/bin/python3 (found suitable version "3.10.12", minimum required is "3.6") 
[1.841s] -- Found python_cmake_module: 0.10.0 (/opt/ros/humble/share/python_cmake_module/cmake)
[1.865s] -- Found PythonLibs: /usr/lib/x86_64-linux-gnu/libpython3.10.so (found suitable version "3.10.12", minimum required is "3.5") 
[1.865s] -- Using PYTHON_EXECUTABLE: /usr/bin/python3
[1.865s] -- Using PYTHON_INCLUDE_DIRS: /usr/include/python3.10
[1.865s] -- Using PYTHON_LIBRARIES: /usr/lib/x86_64-linux-gnu/libpython3.10.so
[1.884s] -- Found PythonExtra: .so  
[1.932s] -- Configuring done
[1.987s] -- Generating done
[2.004s] -- Build files have been written to: /home/user/ros2_ws/build/turtlesim
[2.016s] Invoked command in '/home/user/ros2_ws/build/turtlesim' returned '0': CMAKE_PREFIX_PATH=/opt/ros/humble /usr/bin/cmake /home/user/ros2_ws/src/ros_tutorials/turtlesim -DCMAKE_INSTALL_PREFIX=/home/user/ros2_ws/install/turtlesim
[2.018s] Invoking command in '/home/user/ros2_ws/build/turtlesim': CMAKE_PREFIX_PATH=/opt/ros/humble /usr/bin/cmake --build /home/user/ros2_ws/build/turtlesim -- -j2 -l2
[2.058s] [  1%] [34m[1mGenerating C code for ROS interfaces[0m
[2.067s] [  2%] [34m[1mGenerating C++ code for ROS interfaces[0m
[3.155s] [  2%] Built target turtlesim__cpp
[3.169s] [  3%] [32mBuilding C object CMakeFiles/turtlesim__rosidl_generator_c.dir/rosidl_generator_c/turtlesim/action/detail/rotate_absolute__functions.c.o[0m
[3.180s] [  3%] Built target ament_cmake_python_copy_turtlesim
[3.188s] [  4%] [32mBuilding C object CMakeFiles/turtlesim__rosidl_generator_c.dir/rosidl_generator_c/turtlesim/msg/detail/color__functions.c.o[0m
[3.226s] [  5%] [32mBuilding C object CMakeFiles/turtlesim__rosidl_generator_c.dir/rosidl_generator_c/turtlesim/msg/detail/pose__functions.c.o[0m
[3.265s] [  6%] [32mBuilding C object CMakeFiles/turtlesim__rosidl_generator_c.dir/rosidl_generator_c/turtlesim/srv/detail/kill__functions.c.o[0m
[3.282s] [  7%] [32mBuilding C object CMakeFiles/turtlesim__rosidl_generator_c.dir/rosidl_generator_c/turtlesim/srv/detail/set_pen__functions.c.o[0m
[3.318s] [  8%] [32mBuilding C object CMakeFiles/turtlesim__rosidl_generator_c.dir/rosidl_generator_c/turtlesim/srv/detail/spawn__functions.c.o[0m
[3.334s] [  9%] [32mBuilding C object CMakeFiles/turtlesim__rosidl_generator_c.dir/rosidl_generator_c/turtlesim/srv/detail/teleport_absolute__functions.c.o[0m
[3.374s] [ 10%] [32mBuilding C object CMakeFiles/turtlesim__rosidl_generator_c.dir/rosidl_generator_c/turtlesim/srv/detail/teleport_relative__functions.c.o[0m
[3.392s] [ 11%] [34m[1mGenerating C++ type support dispatch for ROS interfaces[0m
[3.425s] [ 12%] [32m[1mLinking C shared library libturtlesim__rosidl_generator_c.so[0m
[3.460s] [ 12%] Built target turtlesim__rosidl_generator_c
[3.470s] [ 13%] [34m[1mGenerating C++ type support for eProsima Fast-RTPS[0m
[3.974s] [ 14%] [32mBuilding CXX object CMakeFiles/turtlesim__rosidl_typesupport_cpp.dir/rosidl_typesupport_cpp/turtlesim/action/rotate_absolute__type_support.cpp.o[0m
[4.349s] [ 15%] [32mBuilding CXX object CMakeFiles/turtlesim__rosidl_typesupport_fastrtps_cpp.dir/rosidl_typesupport_fastrtps_cpp/turtlesim/action/detail/dds_fastrtps/rotate_absolute__type_support.cpp.o[0m
[4.416s] [ 16%] [32mBuilding CXX object CMakeFiles/turtlesim__rosidl_typesupport_cpp.dir/rosidl_typesupport_cpp/turtlesim/msg/color__type_support.cpp.o[0m
[4.702s] [ 17%] [32mBuilding CXX object CMakeFiles/turtlesim__rosidl_typesupport_cpp.dir/rosidl_typesupport_cpp/turtlesim/msg/pose__type_support.cpp.o[0m
[4.939s] [ 18%] [32mBuilding CXX object CMakeFiles/turtlesim__rosidl_typesupport_fastrtps_cpp.dir/rosidl_typesupport_fastrtps_cpp/turtlesim/msg/detail/dds_fastrtps/color__type_support.cpp.o[0m
[4.960s] [ 19%] [32mBuilding CXX object CMakeFiles/turtlesim__rosidl_typesupport_cpp.dir/rosidl_typesupport_cpp/turtlesim/srv/kill__type_support.cpp.o[0m
[5.211s] [ 20%] [32mBuilding CXX object CMakeFiles/turtlesim__rosidl_typesupport_cpp.dir/rosidl_typesupport_cpp/turtlesim/srv/set_pen__type_support.cpp.o[0m
[5.315s] [ 21%] [32mBuilding CXX object CMakeFiles/turtlesim__rosidl_typesupport_fastrtps_cpp.dir/rosidl_typesupport_fastrtps_cpp/turtlesim/msg/detail/dds_fastrtps/pose__type_support.cpp.o[0m
[5.480s] [ 22%] [32mBuilding CXX object CMakeFiles/turtlesim__rosidl_typesupport_cpp.dir/rosidl_typesupport_cpp/turtlesim/srv/spawn__type_support.cpp.o[0m
[5.718s] [ 23%] [32mBuilding CXX object CMakeFiles/turtlesim__rosidl_typesupport_fastrtps_cpp.dir/rosidl_typesupport_fastrtps_cpp/turtlesim/srv/detail/dds_fastrtps/kill__type_support.cpp.o[0m
[5.746s] [ 24%] [32mBuilding CXX object CMakeFiles/turtlesim__rosidl_typesupport_cpp.dir/rosidl_typesupport_cpp/turtlesim/srv/teleport_absolute__type_support.cpp.o[0m
[6.001s] [ 25%] [32mBuilding CXX object CMakeFiles/turtlesim__rosidl_typesupport_cpp.dir/rosidl_typesupport_cpp/turtlesim/srv/teleport_relative__type_support.cpp.o[0m
[6.146s] [ 26%] [32mBuilding CXX object CMakeFiles/turtlesim__rosidl_typesupport_fastrtps_cpp.dir/rosidl_typesupport_fastrtps_cpp/turtlesim/srv/detail/dds_fastrtps/set_pen__type_support.cpp.o[0m
[6.277s] [ 27%] [32m[1mLinking CXX shared library libturtlesim__rosidl_typesupport_cpp.so[0m
[6.321s] [ 27%] Built target turtlesim__rosidl_typesupport_cpp
[6.334s] [ 28%] [34m[1mGenerating C introspection for ROS interfaces[0m
[6.649s] [ 29%] [32mBuilding CXX object CMakeFiles/turtlesim__rosidl_typesupport_fastrtps_cpp.dir/rosidl_typesupport_fastrtps_cpp/turtlesim/srv/detail/dds_fastrtps/spawn__type_support.cpp.o[0m
[7.146s] [ 30%] [32mBuilding CXX object CMakeFiles/turtlesim__rosidl_typesupport_fastrtps_cpp.dir/rosidl_typesupport_fastrtps_cpp/turtlesim/srv/detail/dds_fastrtps/teleport_absolute__type_support.cpp.o[0m
[7.368s] [ 31%] [32mBuilding C object CMakeFiles/turtlesim__rosidl_typesupport_introspection_c.dir/rosidl_typesupport_introspection_c/turtlesim/action/detail/rotate_absolute__type_support.c.o[0m
[7.449s] [ 32%] [32mBuilding C object CMakeFiles/turtlesim__rosidl_typesupport_introspection_c.dir/rosidl_typesupport_introspection_c/turtlesim/msg/detail/color__type_support.c.o[0m
[7.490s] [ 33%] [32mBuilding C object CMakeFiles/turtlesim__rosidl_typesupport_introspection_c.dir/rosidl_typesupport_introspection_c/turtlesim/msg/detail/pose__type_support.c.o[0m
[7.531s] [ 34%] [32mBuilding C object CMakeFiles/turtlesim__rosidl_typesupport_introspection_c.dir/rosidl_typesupport_introspection_c/turtlesim/srv/detail/kill__type_support.c.o[0m
[7.574s] [ 35%] [32mBuilding C object CMakeFiles/turtlesim__rosidl_typesupport_introspection_c.dir/rosidl_typesupport_introspection_c/turtlesim/srv/detail/set_pen__type_support.c.o[0m
[7.624s] [ 36%] [32mBuilding C object CMakeFiles/turtlesim__rosidl_typesupport_introspection_c.dir/rosidl_typesupport_introspection_c/turtlesim/srv/detail/spawn__type_support.c.o[0m
[7.653s] [ 37%] [32mBuilding CXX object CMakeFiles/turtlesim__rosidl_typesupport_fastrtps_cpp.dir/rosidl_typesupport_fastrtps_cpp/turtlesim/srv/detail/dds_fastrtps/teleport_relative__type_support.cpp.o[0m
[7.657s] [ 38%] [32mBuilding C object CMakeFiles/turtlesim__rosidl_typesupport_introspection_c.dir/rosidl_typesupport_introspection_c/turtlesim/srv/detail/teleport_absolute__type_support.c.o[0m
[7.689s] [ 39%] [32mBuilding C object CMakeFiles/turtlesim__rosidl_typesupport_introspection_c.dir/rosidl_typesupport_introspection_c/turtlesim/srv/detail/teleport_relative__type_support.c.o[0m
[7.733s] [ 40%] [32m[1mLinking C shared library libturtlesim__rosidl_typesupport_introspection_c.so[0m
[7.766s] [ 40%] Built target turtlesim__rosidl_typesupport_introspection_c
[7.776s] [ 41%] [34m[1mGenerating C type support dispatch for ROS interfaces[0m
[8.034s] [ 42%] [32m[1mLinking CXX shared library libturtlesim__rosidl_typesupport_fastrtps_cpp.so[0m
[8.114s] [ 42%] Built target turtlesim__rosidl_typesupport_fastrtps_cpp
[8.125s] [ 43%] [34m[1mGenerating C++ introspection for ROS interfaces[0m
[8.351s] [ 44%] [32mBuilding CXX object CMakeFiles/turtlesim__rosidl_typesupport_c.dir/rosidl_typesupport_c/turtlesim/action/rotate_absolute__type_support.cpp.o[0m
[8.395s] [ 45%] [32mBuilding CXX object CMakeFiles/turtlesim__rosidl_typesupport_c.dir/rosidl_typesupport_c/turtlesim/msg/color__type_support.cpp.o[0m
[8.430s] [ 46%] [32mBuilding CXX object CMakeFiles/turtlesim__rosidl_typesupport_c.dir/rosidl_typesupport_c/turtlesim/msg/pose__type_support.cpp.o[0m
[8.471s] [ 47%] [32mBuilding CXX object CMakeFiles/turtlesim__rosidl_typesupport_c.dir/rosidl_typesupport_c/turtlesim/srv/kill__type_support.cpp.o[0m
[8.503s] [ 48%] [32mBuilding CXX object CMakeFiles/turtlesim__rosidl_typesupport_c.dir/rosidl_typesupport_c/turtlesim/srv/set_pen__type_support.cpp.o[0m
[8.538s] [ 49%] [32mBuilding CXX object CMakeFiles/turtlesim__rosidl_typesupport_c.dir/rosidl_typesupport_c/turtlesim/srv/spawn__type_support.cpp.o[0m
[8.569s] [ 50%] [32mBuilding CXX object CMakeFiles/turtlesim__rosidl_typesupport_c.dir/rosidl_typesupport_c/turtlesim/srv/teleport_absolute__type_support.cpp.o[0m
[8.597s] [ 51%] [32mBuilding CXX object CMakeFiles/turtlesim__rosidl_typesupport_c.dir/rosidl_typesupport_c/turtlesim/srv/teleport_relative__type_support.cpp.o[0m
[8.625s] [ 52%] [32m[1mLinking CXX shared library libturtlesim__rosidl_typesupport_c.so[0m
[8.673s] [ 52%] Built target turtlesim__rosidl_typesupport_c
[8.868s] [ 53%] [32mBuilding CXX object CMakeFiles/turtlesim__rosidl_typesupport_introspection_cpp.dir/rosidl_typesupport_introspection_cpp/turtlesim/action/detail/rotate_absolute__type_support.cpp.o[0m
[8.922s] running egg_info
[8.922s] creating turtlesim.egg-info
[8.923s] writing turtlesim.egg-info/PKG-INFO
[8.923s] writing dependency_links to turtlesim.egg-info/dependency_links.txt
[8.923s] writing top-level names to turtlesim.egg-info/top_level.txt
[8.924s] writing manifest file 'turtlesim.egg-info/SOURCES.txt'
[8.926s] reading manifest file 'turtlesim.egg-info/SOURCES.txt'
[8.926s] writing manifest file 'turtlesim.egg-info/SOURCES.txt'
[8.953s] [ 53%] Built target ament_cmake_python_build_turtlesim_egg
[8.963s] [ 54%] [34m[1mGenerating include/turtlesim/moc_turtle_frame.cpp[0m
[9.030s] [ 55%] [32mBuilding CXX object CMakeFiles/turtlesim_node.dir/src/turtlesim.cpp.o[0m
[9.403s] [ 56%] [32mBuilding CXX object CMakeFiles/turtlesim__rosidl_typesupport_introspection_cpp.dir/rosidl_typesupport_introspection_cpp/turtlesim/msg/detail/color__type_support.cpp.o[0m
[9.743s] [ 57%] [32mBuilding CXX object CMakeFiles/turtlesim__rosidl_typesupport_introspection_cpp.dir/rosidl_typesupport_introspection_cpp/turtlesim/msg/detail/pose__type_support.cpp.o[0m
[10.079s] [ 58%] [32mBuilding CXX object CMakeFiles/turtlesim__rosidl_typesupport_introspection_cpp.dir/rosidl_typesupport_introspection_cpp/turtlesim/srv/detail/kill__type_support.cpp.o[0m
[10.422s] [ 59%] [32mBuilding CXX object CMakeFiles/turtlesim__rosidl_typesupport_introspection_cpp.dir/rosidl_typesupport_introspection_cpp/turtlesim/srv/detail/set_pen__type_support.cpp.o[0m
[10.808s] [ 60%] [32mBuilding CXX object CMakeFiles/turtlesim__rosidl_typesupport_introspection_cpp.dir/rosidl_typesupport_introspection_cpp/turtlesim/srv/detail/spawn__type_support.cpp.o[0m
[11.184s] [ 61%] [32mBuilding CXX object CMakeFiles/turtlesim__rosidl_typesupport_introspection_cpp.dir/rosidl_typesupport_introspection_cpp/turtlesim/srv/detail/teleport_absolute__type_support.cpp.o[0m
[11.554s] [ 62%] [32mBuilding CXX object CMakeFiles/turtlesim__rosidl_typesupport_introspection_cpp.dir/rosidl_typesupport_introspection_cpp/turtlesim/srv/detail/teleport_relative__type_support.cpp.o[0m
[11.916s] [ 63%] [32m[1mLinking CXX shared library libturtlesim__rosidl_typesupport_introspection_cpp.so[0m
[12.021s] [ 63%] Built target turtlesim__rosidl_typesupport_introspection_cpp
[12.056s] [ 64%] [32mBuilding CXX object CMakeFiles/turtle_teleop_key.dir/tutorials/teleop_turtle_key.cpp.o[0m
[13.664s] [ 65%] [32mBuilding CXX object CMakeFiles/turtlesim_node.dir/src/turtle.cpp.o[0m
[18.360s] [ 66%] [32m[1mLinking CXX executable turtle_teleop_key[0m
[18.626s] [ 66%] Built target turtle_teleop_key
[18.647s] [ 67%] [32mBuilding CXX object CMakeFiles/draw_square.dir/tutorials/draw_square.cpp.o[0m
[26.860s] [ 68%] [32mBuilding CXX object CMakeFiles/turtlesim_node.dir/src/turtle_frame.cpp.o[0m
[28.335s] [ 69%] [32m[1mLinking CXX executable draw_square[0m
[28.825s] [ 69%] Built target draw_square
[28.832s] [ 70%] [32mBuilding CXX object CMakeFiles/turtlesim_node.dir/include/turtlesim/moc_turtle_frame.cpp.o[0m
[32.910s] [ 71%] [32mBuilding CXX object CMakeFiles/mimic.dir/tutorials/mimic.cpp.o[0m
[38.413s] [ 72%] [32m[1mLinking CXX executable turtlesim_node[0m
[40.552s] [ 72%] Built target turtlesim_node
[40.564s] [ 73%] [34m[1mGenerating C type support for eProsima Fast-RTPS[0m
[41.459s] [ 74%] [32m[1mLinking CXX executable mimic[0m
[41.563s] [ 75%] [32mBuilding CXX object CMakeFiles/turtlesim__rosidl_typesupport_fastrtps_c.dir/rosidl_typesupport_fastrtps_c/turtlesim/action/detail/rotate_absolute__type_support_c.cpp.o[0m
[41.827s] [ 75%] Built target mimic
[41.835s] [ 76%] [32mBuilding CXX object CMakeFiles/turtlesim__rosidl_typesupport_fastrtps_c.dir/rosidl_typesupport_fastrtps_c/turtlesim/msg/detail/color__type_support_c.cpp.o[0m
[41.918s] [ 77%] [32mBuilding CXX object CMakeFiles/turtlesim__rosidl_typesupport_fastrtps_c.dir/rosidl_typesupport_fastrtps_c/turtlesim/msg/detail/pose__type_support_c.cpp.o[0m
[42.140s] [ 78%] [32mBuilding CXX object CMakeFiles/turtlesim__rosidl_typesupport_fastrtps_c.dir/rosidl_typesupport_fastrtps_c/turtlesim/srv/detail/kill__type_support_c.cpp.o[0m
[42.215s] [ 79%] [32mBuilding CXX object CMakeFiles/turtlesim__rosidl_typesupport_fastrtps_c.dir/rosidl_typesupport_fastrtps_c/turtlesim/srv/detail/set_pen__type_support_c.cpp.o[0m
[42.446s] [ 80%] [32mBuilding CXX object CMakeFiles/turtlesim__rosidl_typesupport_fastrtps_c.dir/rosidl_typesupport_fastrtps_c/turtlesim/srv/detail/spawn__type_support_c.cpp.o[0m
[42.525s] [ 81%] [32mBuilding CXX object CMakeFiles/turtlesim__rosidl_typesupport_fastrtps_c.dir/rosidl_typesupport_fastrtps_c/turtlesim/srv/detail/teleport_absolute__type_support_c.cpp.o[0m
[42.769s] [ 82%] [32mBuilding CXX object CMakeFiles/turtlesim__rosidl_typesupport_fastrtps_c.dir/rosidl_typesupport_fastrtps_c/turtlesim/srv/detail/teleport_relative__type_support_c.cpp.o[0m
[43.056s] [ 83%] [32m[1mLinking CXX shared library libturtlesim__rosidl_typesupport_fastrtps_c.so[0m
[43.115s] [ 83%] Built target turtlesim__rosidl_typesupport_fastrtps_c
[43.133s] [ 83%] Built target turtlesim
[43.150s] [ 84%] [34m[1mGenerating Python code for ROS interfaces[0m
[44.669s] [ 84%] Built target turtlesim__py
[44.688s] [ 85%] [32mBuilding C object CMakeFiles/turtlesim__rosidl_generator_py.dir/rosidl_generator_py/turtlesim/action/_rotate_absolute_s.c.o[0m
[44.688s] [ 86%] [32mBuilding C object CMakeFiles/turtlesim__rosidl_generator_py.dir/rosidl_generator_py/turtlesim/msg/_color_s.c.o[0m
[44.820s] [ 87%] [32mBuilding C object CMakeFiles/turtlesim__rosidl_generator_py.dir/rosidl_generator_py/turtlesim/msg/_pose_s.c.o[0m
[44.848s] [ 88%] [32mBuilding C object CMakeFiles/turtlesim__rosidl_generator_py.dir/rosidl_generator_py/turtlesim/srv/_kill_s.c.o[0m
[44.909s] [ 89%] [32mBuilding C object CMakeFiles/turtlesim__rosidl_generator_py.dir/rosidl_generator_py/turtlesim/srv/_set_pen_s.c.o[0m
[44.940s] [ 90%] [32mBuilding C object CMakeFiles/turtlesim__rosidl_generator_py.dir/rosidl_generator_py/turtlesim/srv/_spawn_s.c.o[0m
[45.008s] [ 91%] [32mBuilding C object CMakeFiles/turtlesim__rosidl_generator_py.dir/rosidl_generator_py/turtlesim/srv/_teleport_absolute_s.c.o[0m
[45.034s] [ 92%] [32mBuilding C object CMakeFiles/turtlesim__rosidl_generator_py.dir/rosidl_generator_py/turtlesim/srv/_teleport_relative_s.c.o[0m
[45.133s] [ 93%] [32m[1mLinking C shared library rosidl_generator_py/turtlesim/libturtlesim__rosidl_generator_py.so[0m
[45.175s] [ 93%] Built target turtlesim__rosidl_generator_py
[45.197s] [ 94%] [32mBuilding C object CMakeFiles/turtlesim__rosidl_typesupport_introspection_c__pyext.dir/rosidl_generator_py/turtlesim/_turtlesim_s.ep.rosidl_typesupport_introspection_c.c.o[0m
[45.198s] [ 95%] [32mBuilding C object CMakeFiles/turtlesim__rosidl_typesupport_fastrtps_c__pyext.dir/rosidl_generator_py/turtlesim/_turtlesim_s.ep.rosidl_typesupport_fastrtps_c.c.o[0m
[45.339s] [ 96%] [32m[1mLinking C shared library rosidl_generator_py/turtlesim/turtlesim_s__rosidl_typesupport_introspection_c.cpython-310-x86_64-linux-gnu.so[0m
[45.342s] [ 97%] [32m[1mLinking C shared library rosidl_generator_py/turtlesim/turtlesim_s__rosidl_typesupport_fastrtps_c.cpython-310-x86_64-linux-gnu.so[0m
[45.375s] [ 97%] Built target turtlesim__rosidl_typesupport_introspection_c__pyext
[45.379s] [ 97%] Built target turtlesim__rosidl_typesupport_fastrtps_c__pyext
[45.391s] [ 98%] [32mBuilding C object CMakeFiles/turtlesim__rosidl_typesupport_c__pyext.dir/rosidl_generator_py/turtlesim/_turtlesim_s.ep.rosidl_typesupport_c.c.o[0m
[45.525s] [100%] [32m[1mLinking C shared library rosidl_generator_py/turtlesim/turtlesim_s__rosidl_typesupport_c.cpython-310-x86_64-linux-gnu.so[0m
[45.562s] [100%] Built target turtlesim__rosidl_typesupport_c__pyext
[45.575s] Invoked command in '/home/user/ros2_ws/build/turtlesim' returned '0': CMAKE_PREFIX_PATH=/opt/ros/humble /usr/bin/cmake --build /home/user/ros2_ws/build/turtlesim -- -j2 -l2
[45.589s] Invoking command in '/home/user/ros2_ws/build/turtlesim': CMAKE_PREFIX_PATH=/opt/ros/humble /usr/bin/cmake --install /home/user/ros2_ws/build/turtlesim
[45.596s] -- Install configuration: ""
[45.597s] -- Installing: /home/user/ros2_ws/install/turtlesim/share/ament_index/resource_index/rosidl_interfaces/turtlesim
[45.597s] -- Up-to-date: /home/user/ros2_ws/install/turtlesim/include/turtlesim/turtlesim
[45.597s] -- Up-to-date: /home/user/ros2_ws/install/turtlesim/include/turtlesim/turtlesim/msg
[45.598s] -- Installing: /home/user/ros2_ws/install/turtlesim/include/turtlesim/turtlesim/msg/rosidl_generator_c__visibility_control.h
[45.598s] -- Installing: /home/user/ros2_ws/install/turtlesim/include/turtlesim/turtlesim/msg/pose.h
[45.598s] -- Up-to-date: /home/user/ros2_ws/install/turtlesim/include/turtlesim/turtlesim/msg/detail
[45.598s] -- Installing: /home/user/ros2_ws/install/turtlesim/include/turtlesim/turtlesim/msg/detail/pose__functions.c
[45.598s] -- Installing: /home/user/ros2_ws/install/turtlesim/include/turtlesim/turtlesim/msg/detail/color__type_support.h
[45.599s] -- Installing: /home/user/ros2_ws/install/turtlesim/include/turtlesim/turtlesim/msg/detail/pose__type_support.h
[45.599s] -- Installing: /home/user/ros2_ws/install/turtlesim/include/turtlesim/turtlesim/msg/detail/pose__struct.h
[45.599s] -- Installing: /home/user/ros2_ws/install/turtlesim/include/turtlesim/turtlesim/msg/detail/color__functions.h
[45.599s] -- Installing: /home/user/ros2_ws/install/turtlesim/include/turtlesim/turtlesim/msg/detail/color__functions.c
[45.600s] -- Installing: /home/user/ros2_ws/install/turtlesim/include/turtlesim/turtlesim/msg/detail/pose__functions.h
[45.600s] -- Installing: /home/user/ros2_ws/install/turtlesim/include/turtlesim/turtlesim/msg/detail/color__struct.h
[45.600s] -- Installing: /home/user/ros2_ws/install/turtlesim/include/turtlesim/turtlesim/msg/color.h
[45.600s] -- Up-to-date: /home/user/ros2_ws/install/turtlesim/include/turtlesim/turtlesim/action
[45.600s] -- Up-to-date: /home/user/ros2_ws/install/turtlesim/include/turtlesim/turtlesim/action/detail
[45.601s] -- Installing: /home/user/ros2_ws/install/turtlesim/include/turtlesim/turtlesim/action/detail/rotate_absolute__struct.h
[45.601s] -- Installing: /home/user/ros2_ws/install/turtlesim/include/turtlesim/turtlesim/action/detail/rotate_absolute__functions.h
[45.601s] -- Installing: /home/user/ros2_ws/install/turtlesim/include/turtlesim/turtlesim/action/detail/rotate_absolute__type_support.h
[45.601s] -- Installing: /home/user/ros2_ws/install/turtlesim/include/turtlesim/turtlesim/action/detail/rotate_absolute__functions.c
[45.602s] -- Installing: /home/user/ros2_ws/install/turtlesim/include/turtlesim/turtlesim/action/rotate_absolute.h
[45.602s] -- Up-to-date: /home/user/ros2_ws/install/turtlesim/include/turtlesim/turtlesim/srv
[45.602s] -- Installing: /home/user/ros2_ws/install/turtlesim/include/turtlesim/turtlesim/srv/teleport_relative.h
[45.602s] -- Installing: /home/user/ros2_ws/install/turtlesim/include/turtlesim/turtlesim/srv/set_pen.h
[45.602s] -- Installing: /home/user/ros2_ws/install/turtlesim/include/turtlesim/turtlesim/srv/kill.h
[45.602s] -- Up-to-date: /home/user/ros2_ws/install/turtlesim/include/turtlesim/turtlesim/srv/detail
[45.603s] -- Installing: /home/user/ros2_ws/install/turtlesim/include/turtlesim/turtlesim/srv/detail/teleport_absolute__type_support.h
[45.603s] -- Installing: /home/user/ros2_ws/install/turtlesim/include/turtlesim/turtlesim/srv/detail/kill__struct.h
[45.603s] -- Installing: /home/user/ros2_ws/install/turtlesim/include/turtlesim/turtlesim/srv/detail/teleport_absolute__functions.c
[45.603s] -- Installing: /home/user/ros2_ws/install/turtlesim/include/turtlesim/turtlesim/srv/detail/teleport_relative__functions.h
[45.603s] -- Installing: /home/user/ros2_ws/install/turtlesim/include/turtlesim/turtlesim/srv/detail/teleport_relative__struct.h
[45.604s] -- Installing: /home/user/ros2_ws/install/turtlesim/include/turtlesim/turtlesim/srv/detail/spawn__type_support.h
[45.604s] -- Installing: /home/user/ros2_ws/install/turtlesim/include/turtlesim/turtlesim/srv/detail/spawn__struct.h
[45.604s] -- Installing: /home/user/ros2_ws/install/turtlesim/include/turtlesim/turtlesim/srv/detail/set_pen__struct.h
[45.604s] -- Installing: /home/user/ros2_ws/install/turtlesim/include/turtlesim/turtlesim/srv/detail/teleport_relative__type_support.h
[45.604s] -- Installing: /home/user/ros2_ws/install/turtlesim/include/turtlesim/turtlesim/srv/detail/set_pen__type_support.h
[45.604s] -- Installing: /home/user/ros2_ws/install/turtlesim/include/turtlesim/turtlesim/srv/detail/set_pen__functions.h
[45.605s] -- Installing: /home/user/ros2_ws/install/turtlesim/include/turtlesim/turtlesim/srv/detail/set_pen__functions.c
[45.605s] -- Installing: /home/user/ros2_ws/install/turtlesim/include/turtlesim/turtlesim/srv/detail/kill__functions.c
[45.605s] -- Installing: /home/user/ros2_ws/install/turtlesim/include/turtlesim/turtlesim/srv/detail/teleport_absolute__functions.h
[45.605s] -- Installing: /home/user/ros2_ws/install/turtlesim/include/turtlesim/turtlesim/srv/detail/spawn__functions.c
[45.606s] -- Installing: /home/user/ros2_ws/install/turtlesim/include/turtlesim/turtlesim/srv/detail/teleport_absolute__struct.h
[45.606s] -- Installing: /home/user/ros2_ws/install/turtlesim/include/turtlesim/turtlesim/srv/detail/teleport_relative__functions.c
[45.606s] -- Installing: /home/user/ros2_ws/install/turtlesim/include/turtlesim/turtlesim/srv/detail/kill__type_support.h
[45.606s] -- Installing: /home/user/ros2_ws/install/turtlesim/include/turtlesim/turtlesim/srv/detail/spawn__functions.h
[45.606s] -- Installing: /home/user/ros2_ws/install/turtlesim/include/turtlesim/turtlesim/srv/detail/kill__functions.h
[45.606s] -- Installing: /home/user/ros2_ws/install/turtlesim/include/turtlesim/turtlesim/srv/spawn.h
[45.606s] -- Installing: /home/user/ros2_ws/install/turtlesim/include/turtlesim/turtlesim/srv/teleport_absolute.h
[45.606s] -- Up-to-date: /home/user/ros2_ws/install/turtlesim/share/turtlesim/environment/library_path.sh
[45.607s] -- Installing: /home/user/ros2_ws/install/turtlesim/share/turtlesim/environment/library_path.dsv
[45.607s] -- Installing: /home/user/ros2_ws/install/turtlesim/lib/libturtlesim__rosidl_generator_c.so
[45.608s] -- Set runtime path of "/home/user/ros2_ws/install/turtlesim/lib/libturtlesim__rosidl_generator_c.so" to ""
[45.608s] -- Up-to-date: /home/user/ros2_ws/install/turtlesim/include/turtlesim/turtlesim
[45.608s] -- Up-to-date: /home/user/ros2_ws/install/turtlesim/include/turtlesim/turtlesim/msg
[45.608s] -- Up-to-date: /home/user/ros2_ws/install/turtlesim/include/turtlesim/turtlesim/msg/detail
[45.608s] -- Installing: /home/user/ros2_ws/install/turtlesim/include/turtlesim/turtlesim/msg/detail/pose__rosidl_typesupport_fastrtps_c.h
[45.608s] -- Installing: /home/user/ros2_ws/install/turtlesim/include/turtlesim/turtlesim/msg/detail/color__rosidl_typesupport_fastrtps_c.h
[45.608s] -- Installing: /home/user/ros2_ws/install/turtlesim/include/turtlesim/turtlesim/msg/rosidl_typesupport_fastrtps_c__visibility_control.h
[45.608s] -- Up-to-date: /home/user/ros2_ws/install/turtlesim/include/turtlesim/turtlesim/action
[45.608s] -- Up-to-date: /home/user/ros2_ws/install/turtlesim/include/turtlesim/turtlesim/action/detail
[45.609s] -- Installing: /home/user/ros2_ws/install/turtlesim/include/turtlesim/turtlesim/action/detail/rotate_absolute__rosidl_typesupport_fastrtps_c.h
[45.609s] -- Up-to-date: /home/user/ros2_ws/install/turtlesim/include/turtlesim/turtlesim/srv
[45.609s] -- Up-to-date: /home/user/ros2_ws/install/turtlesim/include/turtlesim/turtlesim/srv/detail
[45.609s] -- Installing: /home/user/ros2_ws/install/turtlesim/include/turtlesim/turtlesim/srv/detail/teleport_relative__rosidl_typesupport_fastrtps_c.h
[45.609s] -- Installing: /home/user/ros2_ws/install/turtlesim/include/turtlesim/turtlesim/srv/detail/teleport_absolute__rosidl_typesupport_fastrtps_c.h
[45.609s] -- Installing: /home/user/ros2_ws/install/turtlesim/include/turtlesim/turtlesim/srv/detail/set_pen__rosidl_typesupport_fastrtps_c.h
[45.609s] -- Installing: /home/user/ros2_ws/install/turtlesim/include/turtlesim/turtlesim/srv/detail/kill__rosidl_typesupport_fastrtps_c.h
[45.609s] -- Installing: /home/user/ros2_ws/install/turtlesim/include/turtlesim/turtlesim/srv/detail/spawn__rosidl_typesupport_fastrtps_c.h
[45.610s] -- Installing: /home/user/ros2_ws/install/turtlesim/lib/libturtlesim__rosidl_typesupport_fastrtps_c.so
[45.610s] -- Set runtime path of "/home/user/ros2_ws/install/turtlesim/lib/libturtlesim__rosidl_typesupport_fastrtps_c.so" to ""
[45.610s] -- Up-to-date: /home/user/ros2_ws/install/turtlesim/include/turtlesim/turtlesim
[45.610s] -- Up-to-date: /home/user/ros2_ws/install/turtlesim/include/turtlesim/turtlesim/msg
[45.610s] -- Up-to-date: /home/user/ros2_ws/install/turtlesim/include/turtlesim/turtlesim/msg/detail
[45.611s] -- Installing: /home/user/ros2_ws/install/turtlesim/include/turtlesim/turtlesim/msg/detail/color__struct.hpp
[45.611s] -- Installing: /home/user/ros2_ws/install/turtlesim/include/turtlesim/turtlesim/msg/detail/color__traits.hpp
[45.611s] -- Installing: /home/user/ros2_ws/install/turtlesim/include/turtlesim/turtlesim/msg/detail/pose__struct.hpp
[45.611s] -- Installing: /home/user/ros2_ws/install/turtlesim/include/turtlesim/turtlesim/msg/detail/pose__builder.hpp
[45.611s] -- Installing: /home/user/ros2_ws/install/turtlesim/include/turtlesim/turtlesim/msg/detail/pose__type_support.hpp
[45.611s] -- Installing: /home/user/ros2_ws/install/turtlesim/include/turtlesim/turtlesim/msg/detail/pose__traits.hpp
[45.611s] -- Installing: /home/user/ros2_ws/install/turtlesim/include/turtlesim/turtlesim/msg/detail/color__type_support.hpp
[45.611s] -- Installing: /home/user/ros2_ws/install/turtlesim/include/turtlesim/turtlesim/msg/detail/color__builder.hpp
[45.611s] -- Installing: /home/user/ros2_ws/install/turtlesim/include/turtlesim/turtlesim/msg/rosidl_generator_cpp__visibility_control.hpp
[45.611s] -- Installing: /home/user/ros2_ws/install/turtlesim/include/turtlesim/turtlesim/msg/color.hpp
[45.612s] -- Installing: /home/user/ros2_ws/install/turtlesim/include/turtlesim/turtlesim/msg/pose.hpp
[45.612s] -- Up-to-date: /home/user/ros2_ws/install/turtlesim/include/turtlesim/turtlesim/action
[45.612s] -- Up-to-date: /home/user/ros2_ws/install/turtlesim/include/turtlesim/turtlesim/action/detail
[45.612s] -- Installing: /home/user/ros2_ws/install/turtlesim/include/turtlesim/turtlesim/action/detail/rotate_absolute__struct.hpp
[45.612s] -- Installing: /home/user/ros2_ws/install/turtlesim/include/turtlesim/turtlesim/action/detail/rotate_absolute__builder.hpp
[45.612s] -- Installing: /home/user/ros2_ws/install/turtlesim/include/turtlesim/turtlesim/action/detail/rotate_absolute__type_support.hpp
[45.612s] -- Installing: /home/user/ros2_ws/install/turtlesim/include/turtlesim/turtlesim/action/detail/rotate_absolute__traits.hpp
[45.612s] -- Installing: /home/user/ros2_ws/install/turtlesim/include/turtlesim/turtlesim/action/rotate_absolute.hpp
[45.613s] -- Up-to-date: /home/user/ros2_ws/install/turtlesim/include/turtlesim/turtlesim/srv
[45.613s] -- Installing: /home/user/ros2_ws/install/turtlesim/include/turtlesim/turtlesim/srv/spawn.hpp
[45.613s] -- Installing: /home/user/ros2_ws/install/turtlesim/include/turtlesim/turtlesim/srv/teleport_relative.hpp
[45.613s] -- Installing: /home/user/ros2_ws/install/turtlesim/include/turtlesim/turtlesim/srv/kill.hpp
[45.613s] -- Up-to-date: /home/user/ros2_ws/install/turtlesim/include/turtlesim/turtlesim/srv/detail
[45.613s] -- Installing: /home/user/ros2_ws/install/turtlesim/include/turtlesim/turtlesim/srv/detail/kill__struct.hpp
[45.614s] -- Installing: /home/user/ros2_ws/install/turtlesim/include/turtlesim/turtlesim/srv/detail/teleport_relative__struct.hpp
[45.614s] -- Installing: /home/user/ros2_ws/install/turtlesim/include/turtlesim/turtlesim/srv/detail/teleport_absolute__type_support.hpp
[45.614s] -- Installing: /home/user/ros2_ws/install/turtlesim/include/turtlesim/turtlesim/srv/detail/spawn__traits.hpp
[45.614s] -- Installing: /home/user/ros2_ws/install/turtlesim/include/turtlesim/turtlesim/srv/detail/set_pen__type_support.hpp
[45.614s] -- Installing: /home/user/ros2_ws/install/turtlesim/include/turtlesim/turtlesim/srv/detail/kill__builder.hpp
[45.614s] -- Installing: /home/user/ros2_ws/install/turtlesim/include/turtlesim/turtlesim/srv/detail/spawn__builder.hpp
[45.615s] -- Installing: /home/user/ros2_ws/install/turtlesim/include/turtlesim/turtlesim/srv/detail/teleport_relative__traits.hpp
[45.615s] -- Installing: /home/user/ros2_ws/install/turtlesim/include/turtlesim/turtlesim/srv/detail/teleport_absolute__struct.hpp
[45.615s] -- Installing: /home/user/ros2_ws/install/turtlesim/include/turtlesim/turtlesim/srv/detail/kill__traits.hpp
[45.615s] -- Installing: /home/user/ros2_ws/install/turtlesim/include/turtlesim/turtlesim/srv/detail/spawn__struct.hpp
[45.615s] -- Installing: /home/user/ros2_ws/install/turtlesim/include/turtlesim/turtlesim/srv/detail/teleport_relative__builder.hpp
[45.615s] -- Installing: /home/user/ros2_ws/install/turtlesim/include/turtlesim/turtlesim/srv/detail/set_pen__traits.hpp
[45.615s] -- Installing: /home/user/ros2_ws/install/turtlesim/include/turtlesim/turtlesim/srv/detail/spawn__type_support.hpp
[45.615s] -- Installing: /home/user/ros2_ws/install/turtlesim/include/turtlesim/turtlesim/srv/detail/set_pen__struct.hpp
[45.615s] -- Installing: /home/user/ros2_ws/install/turtlesim/include/turtlesim/turtlesim/srv/detail/set_pen__builder.hpp
[45.616s] -- Installing: /home/user/ros2_ws/install/turtlesim/include/turtlesim/turtlesim/srv/detail/teleport_absolute__builder.hpp
[45.616s] -- Installing: /home/user/ros2_ws/install/turtlesim/include/turtlesim/turtlesim/srv/detail/teleport_absolute__traits.hpp
[45.616s] -- Installing: /home/user/ros2_ws/install/turtlesim/include/turtlesim/turtlesim/srv/detail/teleport_relative__type_support.hpp
[45.616s] -- Installing: /home/user/ros2_ws/install/turtlesim/include/turtlesim/turtlesim/srv/detail/kill__type_support.hpp
[45.616s] -- Installing: /home/user/ros2_ws/install/turtlesim/include/turtlesim/turtlesim/srv/teleport_absolute.hpp
[45.616s] -- Installing: /home/user/ros2_ws/install/turtlesim/include/turtlesim/turtlesim/srv/set_pen.hpp
[45.616s] -- Up-to-date: /home/user/ros2_ws/install/turtlesim/include/turtlesim/turtlesim
[45.617s] -- Up-to-date: /home/user/ros2_ws/install/turtlesim/include/turtlesim/turtlesim/msg
[45.617s] -- Installing: /home/user/ros2_ws/install/turtlesim/include/turtlesim/turtlesim/msg/rosidl_typesupport_fastrtps_cpp__visibility_control.h
[45.617s] -- Up-to-date: /home/user/ros2_ws/install/turtlesim/include/turtlesim/turtlesim/msg/detail
[45.617s] -- Installing: /home/user/ros2_ws/install/turtlesim/include/turtlesim/turtlesim/msg/detail/color__rosidl_typesupport_fastrtps_cpp.hpp
[45.618s] -- Installing: /home/user/ros2_ws/install/turtlesim/include/turtlesim/turtlesim/msg/detail/pose__rosidl_typesupport_fastrtps_cpp.hpp
[45.618s] -- Up-to-date: /home/user/ros2_ws/install/turtlesim/include/turtlesim/turtlesim/msg/detail/dds_fastrtps
[45.618s] -- Up-to-date: /home/user/ros2_ws/install/turtlesim/include/turtlesim/turtlesim/action
[45.618s] -- Up-to-date: /home/user/ros2_ws/install/turtlesim/include/turtlesim/turtlesim/action/detail
[45.618s] -- Installing: /home/user/ros2_ws/install/turtlesim/include/turtlesim/turtlesim/action/detail/rotate_absolute__rosidl_typesupport_fastrtps_cpp.hpp
[45.618s] -- Up-to-date: /home/user/ros2_ws/install/turtlesim/include/turtlesim/turtlesim/action/detail/dds_fastrtps
[45.618s] -- Up-to-date: /home/user/ros2_ws/install/turtlesim/include/turtlesim/turtlesim/srv
[45.618s] -- Up-to-date: /home/user/ros2_ws/install/turtlesim/include/turtlesim/turtlesim/srv/detail
[45.619s] -- Installing: /home/user/ros2_ws/install/turtlesim/include/turtlesim/turtlesim/srv/detail/spawn__rosidl_typesupport_fastrtps_cpp.hpp
[45.619s] -- Installing: /home/user/ros2_ws/install/turtlesim/include/turtlesim/turtlesim/srv/detail/set_pen__rosidl_typesupport_fastrtps_cpp.hpp
[45.619s] -- Installing: /home/user/ros2_ws/install/turtlesim/include/turtlesim/turtlesim/srv/detail/teleport_absolute__rosidl_typesupport_fastrtps_cpp.hpp
[45.619s] -- Installing: /home/user/ros2_ws/install/turtlesim/include/turtlesim/turtlesim/srv/detail/kill__rosidl_typesupport_fastrtps_cpp.hpp
[45.619s] -- Installing: /home/user/ros2_ws/install/turtlesim/include/turtlesim/turtlesim/srv/detail/teleport_relative__rosidl_typesupport_fastrtps_cpp.hpp
[45.619s] -- Up-to-date: /home/user/ros2_ws/install/turtlesim/include/turtlesim/turtlesim/srv/detail/dds_fastrtps
[45.620s] -- Installing: /home/user/ros2_ws/install/turtlesim/lib/libturtlesim__rosidl_typesupport_fastrtps_cpp.so
[45.620s] -- Set runtime path of "/home/user/ros2_ws/install/turtlesim/lib/libturtlesim__rosidl_typesupport_fastrtps_cpp.so" to ""
[45.621s] -- Up-to-date: /home/user/ros2_ws/install/turtlesim/include/turtlesim/turtlesim
[45.621s] -- Up-to-date: /home/user/ros2_ws/install/turtlesim/include/turtlesim/turtlesim/msg
[45.621s] -- Up-to-date: /home/user/ros2_ws/install/turtlesim/include/turtlesim/turtlesim/msg/detail
[45.621s] -- Installing: /home/user/ros2_ws/install/turtlesim/include/turtlesim/turtlesim/msg/detail/color__type_support.c
[45.621s] -- Installing: /home/user/ros2_ws/install/turtlesim/include/turtlesim/turtlesim/msg/detail/pose__rosidl_typesupport_introspection_c.h
[45.621s] -- Installing: /home/user/ros2_ws/install/turtlesim/include/turtlesim/turtlesim/msg/detail/color__rosidl_typesupport_introspection_c.h
[45.621s] -- Installing: /home/user/ros2_ws/install/turtlesim/include/turtlesim/turtlesim/msg/detail/pose__type_support.c
[45.621s] -- Installing: /home/user/ros2_ws/install/turtlesim/include/turtlesim/turtlesim/msg/rosidl_typesupport_introspection_c__visibility_control.h
[45.621s] -- Up-to-date: /home/user/ros2_ws/install/turtlesim/include/turtlesim/turtlesim/action
[45.622s] -- Up-to-date: /home/user/ros2_ws/install/turtlesim/include/turtlesim/turtlesim/action/detail
[45.622s] -- Installing: /home/user/ros2_ws/install/turtlesim/include/turtlesim/turtlesim/action/detail/rotate_absolute__rosidl_typesupport_introspection_c.h
[45.622s] -- Installing: /home/user/ros2_ws/install/turtlesim/include/turtlesim/turtlesim/action/detail/rotate_absolute__type_support.c
[45.622s] -- Up-to-date: /home/user/ros2_ws/install/turtlesim/include/turtlesim/turtlesim/srv
[45.623s] -- Up-to-date: /home/user/ros2_ws/install/turtlesim/include/turtlesim/turtlesim/srv/detail
[45.623s] -- Installing: /home/user/ros2_ws/install/turtlesim/include/turtlesim/turtlesim/srv/detail/teleport_absolute__type_support.c
[45.623s] -- Installing: /home/user/ros2_ws/install/turtlesim/include/turtlesim/turtlesim/srv/detail/teleport_relative__type_support.c
[45.623s] -- Installing: /home/user/ros2_ws/install/turtlesim/include/turtlesim/turtlesim/srv/detail/kill__rosidl_typesupport_introspection_c.h
[45.624s] -- Installing: /home/user/ros2_ws/install/turtlesim/include/turtlesim/turtlesim/srv/detail/teleport_absolute__rosidl_typesupport_introspection_c.h
[45.624s] -- Installing: /home/user/ros2_ws/install/turtlesim/include/turtlesim/turtlesim/srv/detail/teleport_relative__rosidl_typesupport_introspection_c.h
[45.624s] -- Installing: /home/user/ros2_ws/install/turtlesim/include/turtlesim/turtlesim/srv/detail/spawn__rosidl_typesupport_introspection_c.h
[45.624s] -- Installing: /home/user/ros2_ws/install/turtlesim/include/turtlesim/turtlesim/srv/detail/set_pen__rosidl_typesupport_introspection_c.h
[45.625s] -- Installing: /home/user/ros2_ws/install/turtlesim/include/turtlesim/turtlesim/srv/detail/kill__type_support.c
[45.625s] -- Installing: /home/user/ros2_ws/install/turtlesim/include/turtlesim/turtlesim/srv/detail/set_pen__type_support.c
[45.625s] -- Installing: /home/user/ros2_ws/install/turtlesim/include/turtlesim/turtlesim/srv/detail/spawn__type_support.c
[45.625s] -- Installing: /home/user/ros2_ws/install/turtlesim/lib/libturtlesim__rosidl_typesupport_introspection_c.so
[45.626s] -- Set runtime path of "/home/user/ros2_ws/install/turtlesim/lib/libturtlesim__rosidl_typesupport_introspection_c.so" to ""
[45.628s] -- Installing: /home/user/ros2_ws/install/turtlesim/lib/libturtlesim__rosidl_typesupport_c.so
[45.628s] -- Set runtime path of "/home/user/ros2_ws/install/turtlesim/lib/libturtlesim__rosidl_typesupport_c.so" to ""
[45.628s] -- Up-to-date: /home/user/ros2_ws/install/turtlesim/include/turtlesim/turtlesim
[45.628s] -- Up-to-date: /home/user/ros2_ws/install/turtlesim/include/turtlesim/turtlesim/msg
[45.628s] -- Up-to-date: /home/user/ros2_ws/install/turtlesim/include/turtlesim/turtlesim/msg/detail
[45.628s] -- Installing: /home/user/ros2_ws/install/turtlesim/include/turtlesim/turtlesim/msg/detail/pose__rosidl_typesupport_introspection_cpp.hpp
[45.628s] -- Installing: /home/user/ros2_ws/install/turtlesim/include/turtlesim/turtlesim/msg/detail/pose__type_support.cpp
[45.628s] -- Installing: /home/user/ros2_ws/install/turtlesim/include/turtlesim/turtlesim/msg/detail/color__type_support.cpp
[45.628s] -- Installing: /home/user/ros2_ws/install/turtlesim/include/turtlesim/turtlesim/msg/detail/color__rosidl_typesupport_introspection_cpp.hpp
[45.629s] -- Up-to-date: /home/user/ros2_ws/install/turtlesim/include/turtlesim/turtlesim/action
[45.629s] -- Up-to-date: /home/user/ros2_ws/install/turtlesim/include/turtlesim/turtlesim/action/detail
[45.629s] -- Installing: /home/user/ros2_ws/install/turtlesim/include/turtlesim/turtlesim/action/detail/rotate_absolute__type_support.cpp
[45.629s] -- Installing: /home/user/ros2_ws/install/turtlesim/include/turtlesim/turtlesim/action/detail/rotate_absolute__rosidl_typesupport_introspection_cpp.hpp
[45.629s] -- Up-to-date: /home/user/ros2_ws/install/turtlesim/include/turtlesim/turtlesim/srv
[45.629s] -- Up-to-date: /home/user/ros2_ws/install/turtlesim/include/turtlesim/turtlesim/srv/detail
[45.629s] -- Installing: /home/user/ros2_ws/install/turtlesim/include/turtlesim/turtlesim/srv/detail/spawn__type_support.cpp
[45.629s] -- Installing: /home/user/ros2_ws/install/turtlesim/include/turtlesim/turtlesim/srv/detail/teleport_absolute__type_support.cpp
[45.630s] -- Installing: /home/user/ros2_ws/install/turtlesim/include/turtlesim/turtlesim/srv/detail/set_pen__rosidl_typesupport_introspection_cpp.hpp
[45.630s] -- Installing: /home/user/ros2_ws/install/turtlesim/include/turtlesim/turtlesim/srv/detail/teleport_relative__type_support.cpp
[45.630s] -- Installing: /home/user/ros2_ws/install/turtlesim/include/turtlesim/turtlesim/srv/detail/teleport_relative__rosidl_typesupport_introspection_cpp.hpp
[45.630s] -- Installing: /home/user/ros2_ws/install/turtlesim/include/turtlesim/turtlesim/srv/detail/spawn__rosidl_typesupport_introspection_cpp.hpp
[45.630s] -- Installing: /home/user/ros2_ws/install/turtlesim/include/turtlesim/turtlesim/srv/detail/kill__type_support.cpp
[45.631s] -- Installing: /home/user/ros2_ws/install/turtlesim/include/turtlesim/turtlesim/srv/detail/kill__rosidl_typesupport_introspection_cpp.hpp
[45.631s] -- Installing: /home/user/ros2_ws/install/turtlesim/include/turtlesim/turtlesim/srv/detail/teleport_absolute__rosidl_typesupport_introspection_cpp.hpp
[45.631s] -- Installing: /home/user/ros2_ws/install/turtlesim/include/turtlesim/turtlesim/srv/detail/set_pen__type_support.cpp
[45.631s] -- Installing: /home/user/ros2_ws/install/turtlesim/lib/libturtlesim__rosidl_typesupport_introspection_cpp.so
[45.632s] -- Set runtime path of "/home/user/ros2_ws/install/turtlesim/lib/libturtlesim__rosidl_typesupport_introspection_cpp.so" to ""
[45.632s] -- Installing: /home/user/ros2_ws/install/turtlesim/lib/libturtlesim__rosidl_typesupport_cpp.so
[45.632s] -- Set runtime path of "/home/user/ros2_ws/install/turtlesim/lib/libturtlesim__rosidl_typesupport_cpp.so" to ""
[45.633s] -- Installing: /home/user/ros2_ws/install/turtlesim/share/turtlesim/environment/pythonpath.sh
[45.633s] -- Installing: /home/user/ros2_ws/install/turtlesim/share/turtlesim/environment/pythonpath.dsv
[45.633s] -- Up-to-date: /home/user/ros2_ws/install/turtlesim/local/lib/python3.10/dist-packages/turtlesim-1.4.3-py3.10.egg-info
[45.633s] -- Installing: /home/user/ros2_ws/install/turtlesim/local/lib/python3.10/dist-packages/turtlesim-1.4.3-py3.10.egg-info/top_level.txt
[45.633s] -- Installing: /home/user/ros2_ws/install/turtlesim/local/lib/python3.10/dist-packages/turtlesim-1.4.3-py3.10.egg-info/dependency_links.txt
[45.633s] -- Installing: /home/user/ros2_ws/install/turtlesim/local/lib/python3.10/dist-packages/turtlesim-1.4.3-py3.10.egg-info/PKG-INFO
[45.634s] -- Installing: /home/user/ros2_ws/install/turtlesim/local/lib/python3.10/dist-packages/turtlesim-1.4.3-py3.10.egg-info/SOURCES.txt
[45.634s] -- Up-to-date: /home/user/ros2_ws/install/turtlesim/local/lib/python3.10/dist-packages/turtlesim
[45.634s] -- Up-to-date: /home/user/ros2_ws/install/turtlesim/local/lib/python3.10/dist-packages/turtlesim/msg
[45.634s] -- Installing: /home/user/ros2_ws/install/turtlesim/local/lib/python3.10/dist-packages/turtlesim/msg/_pose.py
[45.634s] -- Installing: /home/user/ros2_ws/install/turtlesim/local/lib/python3.10/dist-packages/turtlesim/msg/_color.py
[45.635s] -- Installing: /home/user/ros2_ws/install/turtlesim/local/lib/python3.10/dist-packages/turtlesim/msg/_color_s.c
[45.635s] -- Installing: /home/user/ros2_ws/install/turtlesim/local/lib/python3.10/dist-packages/turtlesim/msg/_pose_s.c
[45.635s] -- Installing: /home/user/ros2_ws/install/turtlesim/local/lib/python3.10/dist-packages/turtlesim/msg/__init__.py
[45.635s] -- Installing: /home/user/ros2_ws/install/turtlesim/local/lib/python3.10/dist-packages/turtlesim/_turtlesim_s.ep.rosidl_typesupport_fastrtps_c.c
[45.636s] -- Up-to-date: /home/user/ros2_ws/install/turtlesim/local/lib/python3.10/dist-packages/turtlesim/action
[45.636s] -- Installing: /home/user/ros2_ws/install/turtlesim/local/lib/python3.10/dist-packages/turtlesim/action/__init__.py
[45.636s] -- Installing: /home/user/ros2_ws/install/turtlesim/local/lib/python3.10/dist-packages/turtlesim/action/_rotate_absolute_s.c
[45.636s] -- Installing: /home/user/ros2_ws/install/turtlesim/local/lib/python3.10/dist-packages/turtlesim/action/_rotate_absolute.py
[45.636s] -- Installing: /home/user/ros2_ws/install/turtlesim/local/lib/python3.10/dist-packages/turtlesim/_turtlesim_s.ep.rosidl_typesupport_introspection_c.c
[45.636s] -- Up-to-date: /home/user/ros2_ws/install/turtlesim/local/lib/python3.10/dist-packages/turtlesim/srv
[45.637s] -- Installing: /home/user/ros2_ws/install/turtlesim/local/lib/python3.10/dist-packages/turtlesim/srv/_teleport_relative.py
[45.637s] -- Installing: /home/user/ros2_ws/install/turtlesim/local/lib/python3.10/dist-packages/turtlesim/srv/_set_pen.py
[45.637s] -- Installing: /home/user/ros2_ws/install/turtlesim/local/lib/python3.10/dist-packages/turtlesim/srv/_kill.py
[45.637s] -- Installing: /home/user/ros2_ws/install/turtlesim/local/lib/python3.10/dist-packages/turtlesim/srv/_set_pen_s.c
[45.637s] -- Installing: /home/user/ros2_ws/install/turtlesim/local/lib/python3.10/dist-packages/turtlesim/srv/_teleport_absolute_s.c
[45.638s] -- Installing: /home/user/ros2_ws/install/turtlesim/local/lib/python3.10/dist-packages/turtlesim/srv/__init__.py
[45.638s] -- Installing: /home/user/ros2_ws/install/turtlesim/local/lib/python3.10/dist-packages/turtlesim/srv/_spawn.py
[45.638s] -- Installing: /home/user/ros2_ws/install/turtlesim/local/lib/python3.10/dist-packages/turtlesim/srv/_kill_s.c
[45.638s] -- Installing: /home/user/ros2_ws/install/turtlesim/local/lib/python3.10/dist-packages/turtlesim/srv/_teleport_relative_s.c
[45.639s] -- Installing: /home/user/ros2_ws/install/turtlesim/local/lib/python3.10/dist-packages/turtlesim/srv/_spawn_s.c
[45.639s] -- Installing: /home/user/ros2_ws/install/turtlesim/local/lib/python3.10/dist-packages/turtlesim/srv/_teleport_absolute.py
[45.639s] -- Installing: /home/user/ros2_ws/install/turtlesim/local/lib/python3.10/dist-packages/turtlesim/libturtlesim__rosidl_generator_py.so
[45.639s] -- Installing: /home/user/ros2_ws/install/turtlesim/local/lib/python3.10/dist-packages/turtlesim/_turtlesim_s.ep.rosidl_typesupport_c.c
[45.639s] -- Installing: /home/user/ros2_ws/install/turtlesim/local/lib/python3.10/dist-packages/turtlesim/turtlesim_s__rosidl_typesupport_fastrtps_c.cpython-310-x86_64-linux-gnu.so
[45.639s] -- Installing: /home/user/ros2_ws/install/turtlesim/local/lib/python3.10/dist-packages/turtlesim/__init__.py
[45.640s] -- Installing: /home/user/ros2_ws/install/turtlesim/local/lib/python3.10/dist-packages/turtlesim/turtlesim_s__rosidl_typesupport_c.cpython-310-x86_64-linux-gnu.so
[45.640s] -- Installing: /home/user/ros2_ws/install/turtlesim/local/lib/python3.10/dist-packages/turtlesim/turtlesim_s__rosidl_typesupport_introspection_c.cpython-310-x86_64-linux-gnu.so
[45.686s] Listing '/home/user/ros2_ws/install/turtlesim/local/lib/python3.10/dist-packages/turtlesim'...
[45.686s] Compiling '/home/user/ros2_ws/install/turtlesim/local/lib/python3.10/dist-packages/turtlesim/__init__.py'...
[45.686s] Listing '/home/user/ros2_ws/install/turtlesim/local/lib/python3.10/dist-packages/turtlesim/action'...
[45.686s] Compiling '/home/user/ros2_ws/install/turtlesim/local/lib/python3.10/dist-packages/turtlesim/action/__init__.py'...
[45.686s] Compiling '/home/user/ros2_ws/install/turtlesim/local/lib/python3.10/dist-packages/turtlesim/action/_rotate_absolute.py'...
[45.686s] Listing '/home/user/ros2_ws/install/turtlesim/local/lib/python3.10/dist-packages/turtlesim/msg'...
[45.686s] Compiling '/home/user/ros2_ws/install/turtlesim/local/lib/python3.10/dist-packages/turtlesim/msg/__init__.py'...
[45.686s] Compiling '/home/user/ros2_ws/install/turtlesim/local/lib/python3.10/dist-packages/turtlesim/msg/_color.py'...
[45.686s] Compiling '/home/user/ros2_ws/install/turtlesim/local/lib/python3.10/dist-packages/turtlesim/msg/_pose.py'...
[45.686s] Listing '/home/user/ros2_ws/install/turtlesim/local/lib/python3.10/dist-packages/turtlesim/srv'...
[45.686s] Compiling '/home/user/ros2_ws/install/turtlesim/local/lib/python3.10/dist-packages/turtlesim/srv/__init__.py'...
[45.686s] Compiling '/home/user/ros2_ws/install/turtlesim/local/lib/python3.10/dist-packages/turtlesim/srv/_kill.py'...
[45.687s] Compiling '/home/user/ros2_ws/install/turtlesim/local/lib/python3.10/dist-packages/turtlesim/srv/_set_pen.py'...
[45.687s] Compiling '/home/user/ros2_ws/install/turtlesim/local/lib/python3.10/dist-packages/turtlesim/srv/_spawn.py'...
[45.687s] Compiling '/home/user/ros2_ws/install/turtlesim/local/lib/python3.10/dist-packages/turtlesim/srv/_teleport_absolute.py'...
[45.687s] Compiling '/home/user/ros2_ws/install/turtlesim/local/lib/python3.10/dist-packages/turtlesim/srv/_teleport_relative.py'...
[45.691s] -- Installing: /home/user/ros2_ws/install/turtlesim/local/lib/python3.10/dist-packages/turtlesim/turtlesim_s__rosidl_typesupport_fastrtps_c.cpython-310-x86_64-linux-gnu.so
[45.691s] -- Set runtime path of "/home/user/ros2_ws/install/turtlesim/local/lib/python3.10/dist-packages/turtlesim/turtlesim_s__rosidl_typesupport_fastrtps_c.cpython-310-x86_64-linux-gnu.so" to ""
[45.691s] -- Installing: /home/user/ros2_ws/install/turtlesim/local/lib/python3.10/dist-packages/turtlesim/turtlesim_s__rosidl_typesupport_introspection_c.cpython-310-x86_64-linux-gnu.so
[45.691s] -- Set runtime path of "/home/user/ros2_ws/install/turtlesim/local/lib/python3.10/dist-packages/turtlesim/turtlesim_s__rosidl_typesupport_introspection_c.cpython-310-x86_64-linux-gnu.so" to ""
[45.691s] -- Installing: /home/user/ros2_ws/install/turtlesim/local/lib/python3.10/dist-packages/turtlesim/turtlesim_s__rosidl_typesupport_c.cpython-310-x86_64-linux-gnu.so
[45.691s] -- Set runtime path of "/home/user/ros2_ws/install/turtlesim/local/lib/python3.10/dist-packages/turtlesim/turtlesim_s__rosidl_typesupport_c.cpython-310-x86_64-linux-gnu.so" to ""
[45.692s] -- Installing: /home/user/ros2_ws/install/turtlesim/lib/libturtlesim__rosidl_generator_py.so
[45.692s] -- Set runtime path of "/home/user/ros2_ws/install/turtlesim/lib/libturtlesim__rosidl_generator_py.so" to ""
[45.692s] -- Installing: /home/user/ros2_ws/install/turtlesim/share/turtlesim/action/RotateAbsolute.idl
[45.693s] -- Installing: /home/user/ros2_ws/install/turtlesim/share/turtlesim/msg/Color.idl
[45.693s] -- Installing: /home/user/ros2_ws/install/turtlesim/share/turtlesim/msg/Pose.idl
[45.693s] -- Installing: /home/user/ros2_ws/install/turtlesim/share/turtlesim/srv/Kill.idl
[45.693s] -- Installing: /home/user/ros2_ws/install/turtlesim/share/turtlesim/srv/SetPen.idl
[45.693s] -- Installing: /home/user/ros2_ws/install/turtlesim/share/turtlesim/srv/Spawn.idl
[45.693s] -- Installing: /home/user/ros2_ws/install/turtlesim/share/turtlesim/srv/TeleportAbsolute.idl
[45.694s] -- Installing: /home/user/ros2_ws/install/turtlesim/share/turtlesim/srv/TeleportRelative.idl
[45.694s] -- Up-to-date: /home/user/ros2_ws/install/turtlesim/share/turtlesim/action/RotateAbsolute.action
[45.694s] -- Up-to-date: /home/user/ros2_ws/install/turtlesim/share/turtlesim/msg/Color.msg
[45.694s] -- Up-to-date: /home/user/ros2_ws/install/turtlesim/share/turtlesim/msg/Pose.msg
[45.694s] -- Up-to-date: /home/user/ros2_ws/install/turtlesim/share/turtlesim/srv/Kill.srv
[45.694s] -- Installing: /home/user/ros2_ws/install/turtlesim/share/turtlesim/srv/Kill_Request.msg
[45.694s] -- Installing: /home/user/ros2_ws/install/turtlesim/share/turtlesim/srv/Kill_Response.msg
[45.694s] -- Up-to-date: /home/user/ros2_ws/install/turtlesim/share/turtlesim/srv/SetPen.srv
[45.694s] -- Installing: /home/user/ros2_ws/install/turtlesim/share/turtlesim/srv/SetPen_Request.msg
[45.695s] -- Installing: /home/user/ros2_ws/install/turtlesim/share/turtlesim/srv/SetPen_Response.msg
[45.695s] -- Up-to-date: /home/user/ros2_ws/install/turtlesim/share/turtlesim/srv/Spawn.srv
[45.695s] -- Installing: /home/user/ros2_ws/install/turtlesim/share/turtlesim/srv/Spawn_Request.msg
[45.695s] -- Installing: /home/user/ros2_ws/install/turtlesim/share/turtlesim/srv/Spawn_Response.msg
[45.695s] -- Up-to-date: /home/user/ros2_ws/install/turtlesim/share/turtlesim/srv/TeleportAbsolute.srv
[45.695s] -- Installing: /home/user/ros2_ws/install/turtlesim/share/turtlesim/srv/TeleportAbsolute_Request.msg
[45.695s] -- Installing: /home/user/ros2_ws/install/turtlesim/share/turtlesim/srv/TeleportAbsolute_Response.msg
[45.695s] -- Up-to-date: /home/user/ros2_ws/install/turtlesim/share/turtlesim/srv/TeleportRelative.srv
[45.695s] -- Installing: /home/user/ros2_ws/install/turtlesim/share/turtlesim/srv/TeleportRelative_Request.msg
[45.695s] -- Installing: /home/user/ros2_ws/install/turtlesim/share/turtlesim/srv/TeleportRelative_Response.msg
[45.696s] -- Installing: /home/user/ros2_ws/install/turtlesim/lib/turtlesim/turtlesim_node
[45.702s] -- Set runtime path of "/home/user/ros2_ws/install/turtlesim/lib/turtlesim/turtlesim_node" to ""
[45.704s] -- Installing: /home/user/ros2_ws/install/turtlesim/lib/turtlesim/turtle_teleop_key
[45.704s] -- Set runtime path of "/home/user/ros2_ws/install/turtlesim/lib/turtlesim/turtle_teleop_key" to ""
[45.704s] -- Installing: /home/user/ros2_ws/install/turtlesim/lib/turtlesim/draw_square
[45.707s] -- Set runtime path of "/home/user/ros2_ws/install/turtlesim/lib/turtlesim/draw_square" to ""
[45.708s] -- Installing: /home/user/ros2_ws/install/turtlesim/lib/turtlesim/mimic
[45.710s] -- Set runtime path of "/home/user/ros2_ws/install/turtlesim/lib/turtlesim/mimic" to ""
[45.710s] -- Up-to-date: /home/user/ros2_ws/install/turtlesim/share/turtlesim/images
[45.710s] -- Up-to-date: /home/user/ros2_ws/install/turtlesim/share/turtlesim/images/humble.png
[45.710s] -- Up-to-date: /home/user/ros2_ws/install/turtlesim/share/turtlesim/images/crystal.png
[45.710s] -- Up-to-date: /home/user/ros2_ws/install/turtlesim/share/turtlesim/images/ardent.png
[45.711s] -- Up-to-date: /home/user/ros2_ws/install/turtlesim/share/turtlesim/images/eloquent.png
[45.711s] -- Up-to-date: /home/user/ros2_ws/install/turtlesim/share/turtlesim/images/galactic.png
[45.711s] -- Up-to-date: /home/user/ros2_ws/install/turtlesim/share/turtlesim/images/bouncy.png
[45.711s] -- Up-to-date: /home/user/ros2_ws/install/turtlesim/share/turtlesim/images/rolling.png
[45.711s] -- Up-to-date: /home/user/ros2_ws/install/turtlesim/share/turtlesim/images/foxy.png
[45.711s] -- Up-to-date: /home/user/ros2_ws/install/turtlesim/share/turtlesim/images/dashing.png
[45.711s] -- Up-to-date: /home/user/ros2_ws/install/turtlesim/share/turtlesim/launch
[45.711s] -- Up-to-date: /home/user/ros2_ws/install/turtlesim/share/turtlesim/launch/multisim.launch.py
[45.711s] -- Installing: /home/user/ros2_ws/install/turtlesim/share/ament_index/resource_index/package_run_dependencies/turtlesim
[45.712s] -- Installing: /home/user/ros2_ws/install/turtlesim/share/ament_index/resource_index/parent_prefix_path/turtlesim
[45.712s] -- Up-to-date: /home/user/ros2_ws/install/turtlesim/share/turtlesim/environment/ament_prefix_path.sh
[45.712s] -- Installing: /home/user/ros2_ws/install/turtlesim/share/turtlesim/environment/ament_prefix_path.dsv
[45.712s] -- Up-to-date: /home/user/ros2_ws/install/turtlesim/share/turtlesim/environment/path.sh
[45.712s] -- Installing: /home/user/ros2_ws/install/turtlesim/share/turtlesim/environment/path.dsv
[45.712s] -- Installing: /home/user/ros2_ws/install/turtlesim/share/turtlesim/local_setup.bash
[45.712s] -- Installing: /home/user/ros2_ws/install/turtlesim/share/turtlesim/local_setup.sh
[45.712s] -- Installing: /home/user/ros2_ws/install/turtlesim/share/turtlesim/local_setup.zsh
[45.713s] -- Installing: /home/user/ros2_ws/install/turtlesim/share/turtlesim/local_setup.dsv
[45.713s] -- Installing: /home/user/ros2_ws/install/turtlesim/share/turtlesim/package.dsv
[45.713s] -- Installing: /home/user/ros2_ws/install/turtlesim/share/ament_index/resource_index/packages/turtlesim
[45.714s] -- Installing: /home/user/ros2_ws/install/turtlesim/share/turtlesim/cmake/export_turtlesim__rosidl_generator_cExport.cmake
[45.714s] -- Installing: /home/user/ros2_ws/install/turtlesim/share/turtlesim/cmake/export_turtlesim__rosidl_generator_cExport-noconfig.cmake
[45.714s] -- Installing: /home/user/ros2_ws/install/turtlesim/share/turtlesim/cmake/export_turtlesim__rosidl_typesupport_fastrtps_cExport.cmake
[45.714s] -- Installing: /home/user/ros2_ws/install/turtlesim/share/turtlesim/cmake/export_turtlesim__rosidl_typesupport_fastrtps_cExport-noconfig.cmake
[45.715s] -- Installing: /home/user/ros2_ws/install/turtlesim/share/turtlesim/cmake/export_turtlesim__rosidl_generator_cppExport.cmake
[45.715s] -- Installing: /home/user/ros2_ws/install/turtlesim/share/turtlesim/cmake/export_turtlesim__rosidl_typesupport_fastrtps_cppExport.cmake
[45.715s] -- Installing: /home/user/ros2_ws/install/turtlesim/share/turtlesim/cmake/export_turtlesim__rosidl_typesupport_fastrtps_cppExport-noconfig.cmake
[45.716s] -- Installing: /home/user/ros2_ws/install/turtlesim/share/turtlesim/cmake/turtlesim__rosidl_typesupport_introspection_cExport.cmake
[45.716s] -- Installing: /home/user/ros2_ws/install/turtlesim/share/turtlesim/cmake/turtlesim__rosidl_typesupport_introspection_cExport-noconfig.cmake
[45.716s] -- Installing: /home/user/ros2_ws/install/turtlesim/share/turtlesim/cmake/turtlesim__rosidl_typesupport_cExport.cmake
[45.716s] -- Installing: /home/user/ros2_ws/install/turtlesim/share/turtlesim/cmake/turtlesim__rosidl_typesupport_cExport-noconfig.cmake
[45.717s] -- Installing: /home/user/ros2_ws/install/turtlesim/share/turtlesim/cmake/turtlesim__rosidl_typesupport_introspection_cppExport.cmake
[45.717s] -- Installing: /home/user/ros2_ws/install/turtlesim/share/turtlesim/cmake/turtlesim__rosidl_typesupport_introspection_cppExport-noconfig.cmake
[45.717s] -- Installing: /home/user/ros2_ws/install/turtlesim/share/turtlesim/cmake/turtlesim__rosidl_typesupport_cppExport.cmake
[45.717s] -- Installing: /home/user/ros2_ws/install/turtlesim/share/turtlesim/cmake/turtlesim__rosidl_typesupport_cppExport-noconfig.cmake
[45.718s] -- Installing: /home/user/ros2_ws/install/turtlesim/share/turtlesim/cmake/export_turtlesim__rosidl_generator_pyExport.cmake
[45.718s] -- Installing: /home/user/ros2_ws/install/turtlesim/share/turtlesim/cmake/export_turtlesim__rosidl_generator_pyExport-noconfig.cmake
[45.718s] -- Installing: /home/user/ros2_ws/install/turtlesim/share/turtlesim/cmake/rosidl_cmake-extras.cmake
[45.718s] -- Installing: /home/user/ros2_ws/install/turtlesim/share/turtlesim/cmake/ament_cmake_export_dependencies-extras.cmake
[45.718s] -- Installing: /home/user/ros2_ws/install/turtlesim/share/turtlesim/cmake/ament_cmake_export_include_directories-extras.cmake
[45.719s] -- Installing: /home/user/ros2_ws/install/turtlesim/share/turtlesim/cmake/ament_cmake_export_libraries-extras.cmake
[45.719s] -- Installing: /home/user/ros2_ws/install/turtlesim/share/turtlesim/cmake/ament_cmake_export_targets-extras.cmake
[45.719s] -- Installing: /home/user/ros2_ws/install/turtlesim/share/turtlesim/cmake/rosidl_cmake_export_typesupport_targets-extras.cmake
[45.719s] -- Installing: /home/user/ros2_ws/install/turtlesim/share/turtlesim/cmake/rosidl_cmake_export_typesupport_libraries-extras.cmake
[45.719s] -- Installing: /home/user/ros2_ws/install/turtlesim/share/turtlesim/cmake/turtlesimConfig.cmake
[45.719s] -- Installing: /home/user/ros2_ws/install/turtlesim/share/turtlesim/cmake/turtlesimConfig-version.cmake
[45.720s] -- Up-to-date: /home/user/ros2_ws/install/turtlesim/share/turtlesim/package.xml
[45.722s] Invoked command in '/home/user/ros2_ws/build/turtlesim' returned '0': CMAKE_PREFIX_PATH=/opt/ros/humble /usr/bin/cmake --install /home/user/ros2_ws/build/turtlesim
