[0.517s] Invoking command in '/home/user/ros2_ws/src/my_package': PYTHONPATH=/home/user/ros2_ws/build/my_package/prefix_override:/usr/lib/python3/dist-packages/colcon_core/task/python/colcon_distutils_commands:/home/user/ros2_ws/install/my_package/lib/python3.10/site-packages:${PYTHONPATH} /usr/bin/python3 -W ignore:setup.py install is deprecated -W ignore:easy_install command is deprecated setup.py egg_info --egg-base ../../build/my_package build --build-base /home/user/ros2_ws/build/my_package/build install --record /home/user/ros2_ws/build/my_package/install.log --single-version-externally-managed install_data
[0.752s] running egg_info
[0.753s] writing ../../build/my_package/my_package.egg-info/PKG-INFO
[0.753s] writing dependency_links to ../../build/my_package/my_package.egg-info/dependency_links.txt
[0.753s] writing entry points to ../../build/my_package/my_package.egg-info/entry_points.txt
[0.753s] writing requirements to ../../build/my_package/my_package.egg-info/requires.txt
[0.753s] writing top-level names to ../../build/my_package/my_package.egg-info/top_level.txt
[0.755s] reading manifest file '../../build/my_package/my_package.egg-info/SOURCES.txt'
[0.755s] adding license file 'LICENSE'
[0.757s] writing manifest file '../../build/my_package/my_package.egg-info/SOURCES.txt'
[0.757s] running build
[0.757s] running build_py
[0.757s] running install
[0.757s] running install_lib
[0.758s] running install_data
[0.758s] running install_egg_info
[0.760s] removing '/home/user/ros2_ws/install/my_package/lib/python3.10/site-packages/my_package-0.0.0-py3.10.egg-info' (and everything under it)
[0.761s] Copying ../../build/my_package/my_package.egg-info to /home/user/ros2_ws/install/my_package/lib/python3.10/site-packages/my_package-0.0.0-py3.10.egg-info
[0.762s] running install_scripts
[0.779s] Installing my_node script to /home/user/ros2_ws/install/my_package/lib/my_package
[0.780s] writing list of installed files to '/home/user/ros2_ws/build/my_package/install.log'
[0.803s] Invoked command in '/home/user/ros2_ws/src/my_package' returned '0': PYTHONPATH=/home/user/ros2_ws/build/my_package/prefix_override:/usr/lib/python3/dist-packages/colcon_core/task/python/colcon_distutils_commands:/home/user/ros2_ws/install/my_package/lib/python3.10/site-packages:${PYTHONPATH} /usr/bin/python3 -W ignore:setup.py install is deprecated -W ignore:easy_install command is deprecated setup.py egg_info --egg-base ../../build/my_package build --build-base /home/user/ros2_ws/build/my_package/build install --record /home/user/ros2_ws/build/my_package/install.log --single-version-externally-managed install_data
