running egg_info
writing ../../build/py_rospackage/py_rospackage.egg-info/PKG-INFO
writing dependency_links to ../../build/py_rospackage/py_rospackage.egg-info/dependency_links.txt
writing entry points to ../../build/py_rospackage/py_rospackage.egg-info/entry_points.txt
writing requirements to ../../build/py_rospackage/py_rospackage.egg-info/requires.txt
writing top-level names to ../../build/py_rospackage/py_rospackage.egg-info/top_level.txt
reading manifest file '../../build/py_rospackage/py_rospackage.egg-info/SOURCES.txt'
adding license file 'LICENSE'
writing manifest file '../../build/py_rospackage/py_rospackage.egg-info/SOURCES.txt'
running build
running build_py
running install
running install_lib
running install_data
running install_egg_info
removing '/home/ubuntu/team1-rover/ros2_ws/install/py_rospackage/lib/python3.10/site-packages/py_rospackage-0.0.0-py3.10.egg-info' (and everything under it)
Copying ../../build/py_rospackage/py_rospackage.egg-info to /home/ubuntu/team1-rover/ros2_ws/install/py_rospackage/lib/python3.10/site-packages/py_rospackage-0.0.0-py3.10.egg-info
running install_scripts
Installing listener script to /home/ubuntu/team1-rover/ros2_ws/install/py_rospackage/lib/py_rospackage
Installing talker script to /home/ubuntu/team1-rover/ros2_ws/install/py_rospackage/lib/py_rospackage
writing list of installed files to '/home/ubuntu/team1-rover/ros2_ws/build/py_rospackage/install.log'
