[6.719s] Invoking command in '/home/ubuntu/team1-rover/ros2_ws/src/py_rospackage': PYTHONPATH=/home/ubuntu/team1-rover/ros2_ws/build/py_rospackage/prefix_override:/usr/lib/python3/dist-packages/colcon_core/task/python/colcon_distutils_commands:/home/ubuntu/team1-rover/ros2_ws/install/py_rospackage/lib/python3.10/site-packages:${PYTHONPATH} /usr/bin/python3 -W ignore:setup.py install is deprecated -W ignore:easy_install command is deprecated setup.py egg_info --egg-base ../../build/py_rospackage build --build-base /home/ubuntu/team1-rover/ros2_ws/build/py_rospackage/build install --record /home/ubuntu/team1-rover/ros2_ws/build/py_rospackage/install.log --single-version-externally-managed install_data
[9.387s] running egg_info
[9.393s] writing ../../build/py_rospackage/py_rospackage.egg-info/PKG-INFO
[9.395s] writing dependency_links to ../../build/py_rospackage/py_rospackage.egg-info/dependency_links.txt
[9.397s] writing entry points to ../../build/py_rospackage/py_rospackage.egg-info/entry_points.txt
[9.399s] writing requirements to ../../build/py_rospackage/py_rospackage.egg-info/requires.txt
[9.400s] writing top-level names to ../../build/py_rospackage/py_rospackage.egg-info/top_level.txt
[9.415s] reading manifest file '../../build/py_rospackage/py_rospackage.egg-info/SOURCES.txt'
[9.416s] adding license file 'LICENSE'
[9.425s] writing manifest file '../../build/py_rospackage/py_rospackage.egg-info/SOURCES.txt'
[9.426s] running build
[9.429s] running build_py
[9.430s] running install
[9.432s] running install_lib
[9.442s] running install_data
[9.443s] running install_egg_info
[9.459s] removing '/home/ubuntu/team1-rover/ros2_ws/install/py_rospackage/lib/python3.10/site-packages/py_rospackage-0.0.0-py3.10.egg-info' (and everything under it)
[9.463s] Copying ../../build/py_rospackage/py_rospackage.egg-info to /home/ubuntu/team1-rover/ros2_ws/install/py_rospackage/lib/python3.10/site-packages/py_rospackage-0.0.0-py3.10.egg-info
[9.472s] running install_scripts
[9.643s] Installing listener script to /home/ubuntu/team1-rover/ros2_ws/install/py_rospackage/lib/py_rospackage
[9.645s] Installing talker script to /home/ubuntu/team1-rover/ros2_ws/install/py_rospackage/lib/py_rospackage
[9.647s] writing list of installed files to '/home/ubuntu/team1-rover/ros2_ws/build/py_rospackage/install.log'
[9.893s] Invoked command in '/home/ubuntu/team1-rover/ros2_ws/src/py_rospackage' returned '0': PYTHONPATH=/home/ubuntu/team1-rover/ros2_ws/build/py_rospackage/prefix_override:/usr/lib/python3/dist-packages/colcon_core/task/python/colcon_distutils_commands:/home/ubuntu/team1-rover/ros2_ws/install/py_rospackage/lib/python3.10/site-packages:${PYTHONPATH} /usr/bin/python3 -W ignore:setup.py install is deprecated -W ignore:easy_install command is deprecated setup.py egg_info --egg-base ../../build/py_rospackage build --build-base /home/ubuntu/team1-rover/ros2_ws/build/py_rospackage/build install --record /home/ubuntu/team1-rover/ros2_ws/build/py_rospackage/install.log --single-version-externally-managed install_data
