[6.433s] Invoking command in '/home/ubuntu/team1-rover/ros2_ws/src/py_rospackage': PYTHONPATH=/home/ubuntu/team1-rover/ros2_ws/build/py_rospackage/prefix_override:/usr/lib/python3/dist-packages/colcon_core/task/python/colcon_distutils_commands:/home/ubuntu/team1-rover/ros2_ws/install/py_rospackage/lib/python3.10/site-packages:${PYTHONPATH} /usr/bin/python3 -W ignore:setup.py install is deprecated -W ignore:easy_install command is deprecated setup.py egg_info --egg-base ../../build/py_rospackage build --build-base /home/ubuntu/team1-rover/ros2_ws/build/py_rospackage/build install --record /home/ubuntu/team1-rover/ros2_ws/build/py_rospackage/install.log --single-version-externally-managed install_data
[9.078s] running egg_info
[9.085s] writing ../../build/py_rospackage/py_rospackage.egg-info/PKG-INFO
[9.087s] writing dependency_links to ../../build/py_rospackage/py_rospackage.egg-info/dependency_links.txt
[9.089s] writing entry points to ../../build/py_rospackage/py_rospackage.egg-info/entry_points.txt
[9.091s] writing requirements to ../../build/py_rospackage/py_rospackage.egg-info/requires.txt
[9.092s] writing top-level names to ../../build/py_rospackage/py_rospackage.egg-info/top_level.txt
[9.106s] reading manifest file '../../build/py_rospackage/py_rospackage.egg-info/SOURCES.txt'
[9.108s] adding license file 'LICENSE'
[9.116s] writing manifest file '../../build/py_rospackage/py_rospackage.egg-info/SOURCES.txt'
[9.118s] running build
[9.119s] running build_py
[9.121s] running install
[9.124s] running install_lib
[9.134s] running install_data
[9.135s] running install_egg_info
[9.151s] removing '/home/ubuntu/team1-rover/ros2_ws/install/py_rospackage/lib/python3.10/site-packages/py_rospackage-0.0.0-py3.10.egg-info' (and everything under it)
[9.154s] Copying ../../build/py_rospackage/py_rospackage.egg-info to /home/ubuntu/team1-rover/ros2_ws/install/py_rospackage/lib/python3.10/site-packages/py_rospackage-0.0.0-py3.10.egg-info
[9.163s] running install_scripts
[9.332s] Installing listener script to /home/ubuntu/team1-rover/ros2_ws/install/py_rospackage/lib/py_rospackage
[9.334s] Installing talker script to /home/ubuntu/team1-rover/ros2_ws/install/py_rospackage/lib/py_rospackage
[9.336s] writing list of installed files to '/home/ubuntu/team1-rover/ros2_ws/build/py_rospackage/install.log'
[9.576s] Invoked command in '/home/ubuntu/team1-rover/ros2_ws/src/py_rospackage' returned '0': PYTHONPATH=/home/ubuntu/team1-rover/ros2_ws/build/py_rospackage/prefix_override:/usr/lib/python3/dist-packages/colcon_core/task/python/colcon_distutils_commands:/home/ubuntu/team1-rover/ros2_ws/install/py_rospackage/lib/python3.10/site-packages:${PYTHONPATH} /usr/bin/python3 -W ignore:setup.py install is deprecated -W ignore:easy_install command is deprecated setup.py egg_info --egg-base ../../build/py_rospackage build --build-base /home/ubuntu/team1-rover/ros2_ws/build/py_rospackage/build install --record /home/ubuntu/team1-rover/ros2_ws/build/py_rospackage/install.log --single-version-externally-managed install_data
