[0.910s] Invoking command in '/home/user/ros2_ws/src/my_package': PYTHONPATH=/home/user/ros2_ws/build/my_package/prefix_override:/usr/lib/python3/dist-packages/colcon_core/task/python/colcon_distutils_commands:/home/user/ros2_ws/install/my_package/lib/python3.10/site-packages:${PYTHONPATH} /usr/bin/python3 -W ignore:setup.py install is deprecated -W ignore:easy_install command is deprecated setup.py egg_info --egg-base ../../build/my_package build --build-base /home/user/ros2_ws/build/my_package/build install --record /home/user/ros2_ws/build/my_package/install.log --single-version-externally-managed install_data
[1.142s] running egg_info
[1.142s] creating ../../build/my_package/my_package.egg-info
[1.142s] writing ../../build/my_package/my_package.egg-info/PKG-INFO
[1.146s] writing dependency_links to ../../build/my_package/my_package.egg-info/dependency_links.txt
[1.146s] writing entry points to ../../build/my_package/my_package.egg-info/entry_points.txt
[1.146s] writing requirements to ../../build/my_package/my_package.egg-info/requires.txt
[1.146s] writing top-level names to ../../build/my_package/my_package.egg-info/top_level.txt
[1.146s] writing manifest file '../../build/my_package/my_package.egg-info/SOURCES.txt'
[1.153s] reading manifest file '../../build/my_package/my_package.egg-info/SOURCES.txt'
[1.153s] adding license file 'LICENSE'
[1.153s] writing manifest file '../../build/my_package/my_package.egg-info/SOURCES.txt'
[1.153s] running build
[1.153s] running build_py
[1.153s] creating /home/user/ros2_ws/build/my_package/build
[1.155s] creating /home/user/ros2_ws/build/my_package/build/lib
[1.155s] creating /home/user/ros2_ws/build/my_package/build/lib/my_package
[1.155s] copying my_package/my_node.py -> /home/user/ros2_ws/build/my_package/build/lib/my_package
[1.155s] copying my_package/__init__.py -> /home/user/ros2_ws/build/my_package/build/lib/my_package
[1.156s] running install
[1.157s] running install_lib
[1.157s] creating /home/user/ros2_ws/install/my_package/lib/python3.10/site-packages/my_package
[1.161s] copying /home/user/ros2_ws/build/my_package/build/lib/my_package/my_node.py -> /home/user/ros2_ws/install/my_package/lib/python3.10/site-packages/my_package
[1.161s] copying /home/user/ros2_ws/build/my_package/build/lib/my_package/__init__.py -> /home/user/ros2_ws/install/my_package/lib/python3.10/site-packages/my_package
[1.161s] byte-compiling /home/user/ros2_ws/install/my_package/lib/python3.10/site-packages/my_package/my_node.py to my_node.cpython-310.pyc
[1.161s] byte-compiling /home/user/ros2_ws/install/my_package/lib/python3.10/site-packages/my_package/__init__.py to __init__.cpython-310.pyc
[1.162s] running install_data
[1.162s] creating /home/user/ros2_ws/install/my_package/share/ament_index
[1.162s] creating /home/user/ros2_ws/install/my_package/share/ament_index/resource_index
[1.162s] creating /home/user/ros2_ws/install/my_package/share/ament_index/resource_index/packages
[1.162s] copying resource/my_package -> /home/user/ros2_ws/install/my_package/share/ament_index/resource_index/packages
[1.162s] copying package.xml -> /home/user/ros2_ws/install/my_package/share/my_package
[1.162s] running install_egg_info
[1.169s] Copying ../../build/my_package/my_package.egg-info to /home/user/ros2_ws/install/my_package/lib/python3.10/site-packages/my_package-0.0.0-py3.10.egg-info
[1.169s] running install_scripts
[1.211s] Installing my_node script to /home/user/ros2_ws/install/my_package/lib/my_package
[1.212s] writing list of installed files to '/home/user/ros2_ws/build/my_package/install.log'
[1.244s] Invoked command in '/home/user/ros2_ws/src/my_package' returned '0': PYTHONPATH=/home/user/ros2_ws/build/my_package/prefix_override:/usr/lib/python3/dist-packages/colcon_core/task/python/colcon_distutils_commands:/home/user/ros2_ws/install/my_package/lib/python3.10/site-packages:${PYTHONPATH} /usr/bin/python3 -W ignore:setup.py install is deprecated -W ignore:easy_install command is deprecated setup.py egg_info --egg-base ../../build/my_package build --build-base /home/user/ros2_ws/build/my_package/build install --record /home/user/ros2_ws/build/my_package/install.log --single-version-externally-managed install_data
