[1.067s] DEBUG:colcon:Command line arguments: ['/usr/bin/colcon', 'build']
[1.068s] DEBUG:colcon:Parsed command line arguments: Namespace(log_base=None, log_level=None, verb_name='build', build_base='build', install_base='install', merge_install=False, symlink_install=False, test_result_base=None, continue_on_error=False, executor='parallel', parallel_workers=4, event_handlers=None, ignore_user_meta=False, metas=['./colcon.meta'], base_paths=['.'], packages_ignore=None, packages_ignore_regex=None, paths=None, packages_up_to=None, packages_up_to_regex=None, packages_above=None, packages_above_and_dependencies=None, packages_above_depth=None, packages_select_by_dep=None, packages_skip_by_dep=None, packages_skip_up_to=None, packages_select_build_failed=False, packages_skip_build_finished=False, packages_select_test_failures=False, packages_skip_test_passed=False, packages_select=None, packages_skip=None, packages_select_regex=None, packages_skip_regex=None, packages_start=None, packages_end=None, allow_overriding=[], cmake_args=None, cmake_target=None, cmake_target_skip_unavailable=False, cmake_clean_cache=False, cmake_clean_first=False, cmake_force_configure=False, ament_cmake_args=None, catkin_cmake_args=None, catkin_skip_building_tests=False, verb_parser=<colcon_defaults.argument_parser.defaults.DefaultArgumentsDecorator object at 0xffffa685fa90>, verb_extension=<colcon_core.verb.build.BuildVerb object at 0xffffa6a38e20>, main=<bound method BuildVerb.main of <colcon_core.verb.build.BuildVerb object at 0xffffa6a38e20>>)
[3.044s] Level 1:colcon.colcon_core.package_discovery:discover_packages(colcon_meta) check parameters
[3.045s] Level 1:colcon.colcon_core.package_discovery:discover_packages(recursive) check parameters
[3.046s] Level 1:colcon.colcon_core.package_discovery:discover_packages(ignore) check parameters
[3.046s] Level 1:colcon.colcon_core.package_discovery:discover_packages(path) check parameters
[3.046s] Level 1:colcon.colcon_core.package_discovery:discover_packages(colcon_meta) discover
[3.047s] Level 1:colcon.colcon_core.package_discovery:discover_packages(recursive) discover
[3.048s] INFO:colcon.colcon_core.package_discovery:Crawling recursively for packages in '/home/ubuntu/team1-rover/ros2_ws'
[3.049s] Level 1:colcon.colcon_core.package_identification:_identify(.) by extensions ['ignore', 'ignore_ament_install']
[3.050s] Level 1:colcon.colcon_core.package_identification:_identify(.) by extension 'ignore'
[3.050s] Level 1:colcon.colcon_core.package_identification:_identify(.) by extension 'ignore_ament_install'
[3.051s] Level 1:colcon.colcon_core.package_identification:_identify(.) by extensions ['colcon_pkg']
[3.052s] Level 1:colcon.colcon_core.package_identification:_identify(.) by extension 'colcon_pkg'
[3.052s] Level 1:colcon.colcon_core.package_identification:_identify(.) by extensions ['colcon_meta']
[3.053s] Level 1:colcon.colcon_core.package_identification:_identify(.) by extension 'colcon_meta'
[3.053s] Level 1:colcon.colcon_core.package_identification:_identify(.) by extensions ['ros']
[3.054s] Level 1:colcon.colcon_core.package_identification:_identify(.) by extension 'ros'
[3.160s] Level 1:colcon.colcon_core.package_identification:_identify(.) by extensions ['cmake', 'python']
[3.160s] Level 1:colcon.colcon_core.package_identification:_identify(.) by extension 'cmake'
[3.161s] Level 1:colcon.colcon_core.package_identification:_identify(.) by extension 'python'
[3.162s] Level 1:colcon.colcon_core.package_identification:_identify(.) by extensions ['python_setup_py']
[3.162s] Level 1:colcon.colcon_core.package_identification:_identify(.) by extension 'python_setup_py'
[3.164s] Level 1:colcon.colcon_core.package_identification:_identify(build) by extensions ['ignore', 'ignore_ament_install']
[3.165s] Level 1:colcon.colcon_core.package_identification:_identify(build) by extension 'ignore'
[3.165s] Level 1:colcon.colcon_core.package_identification:_identify(build) ignored
[3.166s] Level 1:colcon.colcon_core.package_identification:_identify(install) by extensions ['ignore', 'ignore_ament_install']
[3.167s] Level 1:colcon.colcon_core.package_identification:_identify(install) by extension 'ignore'
[3.168s] Level 1:colcon.colcon_core.package_identification:_identify(install) ignored
[3.169s] Level 1:colcon.colcon_core.package_identification:_identify(log) by extensions ['ignore', 'ignore_ament_install']
[3.170s] Level 1:colcon.colcon_core.package_identification:_identify(log) by extension 'ignore'
[3.171s] Level 1:colcon.colcon_core.package_identification:_identify(log) ignored
[3.172s] Level 1:colcon.colcon_core.package_identification:_identify(src) by extensions ['ignore', 'ignore_ament_install']
[3.173s] Level 1:colcon.colcon_core.package_identification:_identify(src) by extension 'ignore'
[3.173s] Level 1:colcon.colcon_core.package_identification:_identify(src) by extension 'ignore_ament_install'
[3.174s] Level 1:colcon.colcon_core.package_identification:_identify(src) by extensions ['colcon_pkg']
[3.175s] Level 1:colcon.colcon_core.package_identification:_identify(src) by extension 'colcon_pkg'
[3.175s] Level 1:colcon.colcon_core.package_identification:_identify(src) by extensions ['colcon_meta']
[3.176s] Level 1:colcon.colcon_core.package_identification:_identify(src) by extension 'colcon_meta'
[3.177s] Level 1:colcon.colcon_core.package_identification:_identify(src) by extensions ['ros']
[3.177s] Level 1:colcon.colcon_core.package_identification:_identify(src) by extension 'ros'
[3.179s] Level 1:colcon.colcon_core.package_identification:_identify(src) by extensions ['cmake', 'python']
[3.179s] Level 1:colcon.colcon_core.package_identification:_identify(src) by extension 'cmake'
[3.180s] Level 1:colcon.colcon_core.package_identification:_identify(src) by extension 'python'
[3.181s] Level 1:colcon.colcon_core.package_identification:_identify(src) by extensions ['python_setup_py']
[3.181s] Level 1:colcon.colcon_core.package_identification:_identify(src) by extension 'python_setup_py'
[3.183s] Level 1:colcon.colcon_core.package_identification:_identify(src/py_rospackage) by extensions ['ignore', 'ignore_ament_install']
[3.184s] Level 1:colcon.colcon_core.package_identification:_identify(src/py_rospackage) by extension 'ignore'
[3.185s] Level 1:colcon.colcon_core.package_identification:_identify(src/py_rospackage) by extension 'ignore_ament_install'
[3.186s] Level 1:colcon.colcon_core.package_identification:_identify(src/py_rospackage) by extensions ['colcon_pkg']
[3.186s] Level 1:colcon.colcon_core.package_identification:_identify(src/py_rospackage) by extension 'colcon_pkg'
[3.187s] Level 1:colcon.colcon_core.package_identification:_identify(src/py_rospackage) by extensions ['colcon_meta']
[3.188s] Level 1:colcon.colcon_core.package_identification:_identify(src/py_rospackage) by extension 'colcon_meta'
[3.188s] Level 1:colcon.colcon_core.package_identification:_identify(src/py_rospackage) by extensions ['ros']
[3.189s] Level 1:colcon.colcon_core.package_identification:_identify(src/py_rospackage) by extension 'ros'
[3.209s] DEBUG:colcon.colcon_core.package_identification:Package 'src/py_rospackage' with type 'ros.ament_python' and name 'py_rospackage'
[3.210s] Level 1:colcon.colcon_core.package_discovery:discover_packages(recursive) using defaults
[3.211s] Level 1:colcon.colcon_core.package_discovery:discover_packages(ignore) discover
[3.211s] Level 1:colcon.colcon_core.package_discovery:discover_packages(ignore) using defaults
[3.211s] Level 1:colcon.colcon_core.package_discovery:discover_packages(path) discover
[3.212s] Level 1:colcon.colcon_core.package_discovery:discover_packages(path) using defaults
[3.379s] Level 1:colcon.colcon_core.package_discovery:discover_packages(prefix_path) check parameters
[3.380s] Level 1:colcon.colcon_core.package_discovery:discover_packages(prefix_path) discover
[3.405s] DEBUG:colcon.colcon_installed_package_information.package_discovery:Found 1 installed packages in /home/ubuntu/Downloads/Two-Month-2025-Rover-Team-1-Software/ROS2/ros2_ws/install
[3.415s] DEBUG:colcon.colcon_installed_package_information.package_discovery:Found 271 installed packages in /opt/ros/humble
[3.507s] Level 1:colcon.colcon_core.package_discovery:discover_packages(prefix_path) using defaults
[3.979s] Level 5:colcon.colcon_core.verb:set package 'py_rospackage' build argument 'cmake_args' from command line to 'None'
[3.980s] Level 5:colcon.colcon_core.verb:set package 'py_rospackage' build argument 'cmake_target' from command line to 'None'
[3.980s] Level 5:colcon.colcon_core.verb:set package 'py_rospackage' build argument 'cmake_target_skip_unavailable' from command line to 'False'
[3.981s] Level 5:colcon.colcon_core.verb:set package 'py_rospackage' build argument 'cmake_clean_cache' from command line to 'False'
[3.981s] Level 5:colcon.colcon_core.verb:set package 'py_rospackage' build argument 'cmake_clean_first' from command line to 'False'
[3.981s] Level 5:colcon.colcon_core.verb:set package 'py_rospackage' build argument 'cmake_force_configure' from command line to 'False'
[3.982s] Level 5:colcon.colcon_core.verb:set package 'py_rospackage' build argument 'ament_cmake_args' from command line to 'None'
[3.982s] Level 5:colcon.colcon_core.verb:set package 'py_rospackage' build argument 'catkin_cmake_args' from command line to 'None'
[3.982s] Level 5:colcon.colcon_core.verb:set package 'py_rospackage' build argument 'catkin_skip_building_tests' from command line to 'False'
[3.983s] DEBUG:colcon.colcon_core.verb:Building package 'py_rospackage' with the following arguments: {'ament_cmake_args': None, 'build_base': '/home/ubuntu/team1-rover/ros2_ws/build/py_rospackage', 'catkin_cmake_args': None, 'catkin_skip_building_tests': False, 'cmake_args': None, 'cmake_clean_cache': False, 'cmake_clean_first': False, 'cmake_force_configure': False, 'cmake_target': None, 'cmake_target_skip_unavailable': False, 'install_base': '/home/ubuntu/team1-rover/ros2_ws/install/py_rospackage', 'merge_install': False, 'path': '/home/ubuntu/team1-rover/ros2_ws/src/py_rospackage', 'symlink_install': False, 'test_result_base': None}
[3.984s] INFO:colcon.colcon_core.executor:Executing jobs using 'parallel' executor
[3.992s] DEBUG:colcon.colcon_parallel_executor.executor.parallel:run_until_complete
[3.994s] INFO:colcon.colcon_ros.task.ament_python.build:Building ROS package in '/home/ubuntu/team1-rover/ros2_ws/src/py_rospackage' with build type 'ament_python'
[3.996s] Level 1:colcon.colcon_core.shell:create_environment_hook('py_rospackage', 'ament_prefix_path')
[4.017s] INFO:colcon.colcon_core.plugin_system:Skipping extension 'colcon_core.shell.bat': Not used on non-Windows systems
[4.020s] INFO:colcon.colcon_core.shell:Creating environment hook '/home/ubuntu/team1-rover/ros2_ws/install/py_rospackage/share/py_rospackage/hook/ament_prefix_path.ps1'
[4.025s] INFO:colcon.colcon_core.shell:Creating environment descriptor '/home/ubuntu/team1-rover/ros2_ws/install/py_rospackage/share/py_rospackage/hook/ament_prefix_path.dsv'
[4.029s] INFO:colcon.colcon_core.shell:Creating environment hook '/home/ubuntu/team1-rover/ros2_ws/install/py_rospackage/share/py_rospackage/hook/ament_prefix_path.sh'
[4.036s] INFO:colcon.colcon_core.shell:Skip shell extension 'powershell' for command environment: Not usable outside of PowerShell
[4.037s] DEBUG:colcon.colcon_core.shell:Skip shell extension 'dsv' for command environment
[6.777s] INFO:colcon.colcon_core.task.python.build:Building Python package in '/home/ubuntu/team1-rover/ros2_ws/src/py_rospackage'
[6.780s] INFO:colcon.colcon_core.shell:Skip shell extension 'powershell' for command environment: Not usable outside of PowerShell
[6.780s] DEBUG:colcon.colcon_core.shell:Skip shell extension 'dsv' for command environment
[10.439s] DEBUG:colcon.colcon_core.event_handler.log_command:Invoking command in '/home/ubuntu/team1-rover/ros2_ws/src/py_rospackage': PYTHONPATH=/home/ubuntu/team1-rover/ros2_ws/build/py_rospackage/prefix_override:/usr/lib/python3/dist-packages/colcon_core/task/python/colcon_distutils_commands:/home/ubuntu/team1-rover/ros2_ws/install/py_rospackage/lib/python3.10/site-packages:${PYTHONPATH} /usr/bin/python3 -W ignore:setup.py install is deprecated -W ignore:easy_install command is deprecated setup.py egg_info --egg-base ../../build/py_rospackage build --build-base /home/ubuntu/team1-rover/ros2_ws/build/py_rospackage/build install --record /home/ubuntu/team1-rover/ros2_ws/build/py_rospackage/install.log --single-version-externally-managed install_data
[13.575s] DEBUG:colcon.colcon_core.event_handler.log_command:Invoked command in '/home/ubuntu/team1-rover/ros2_ws/src/py_rospackage' returned '0': PYTHONPATH=/home/ubuntu/team1-rover/ros2_ws/build/py_rospackage/prefix_override:/usr/lib/python3/dist-packages/colcon_core/task/python/colcon_distutils_commands:/home/ubuntu/team1-rover/ros2_ws/install/py_rospackage/lib/python3.10/site-packages:${PYTHONPATH} /usr/bin/python3 -W ignore:setup.py install is deprecated -W ignore:easy_install command is deprecated setup.py egg_info --egg-base ../../build/py_rospackage build --build-base /home/ubuntu/team1-rover/ros2_ws/build/py_rospackage/build install --record /home/ubuntu/team1-rover/ros2_ws/build/py_rospackage/install.log --single-version-externally-managed install_data
[13.609s] Level 1:colcon.colcon_core.environment:checking '/home/ubuntu/team1-rover/ros2_ws/install/py_rospackage' for CMake module files
[13.617s] Level 1:colcon.colcon_core.environment:checking '/home/ubuntu/team1-rover/ros2_ws/install/py_rospackage' for CMake config files
[13.624s] Level 1:colcon.colcon_core.environment:checking '/home/ubuntu/team1-rover/ros2_ws/install/py_rospackage/lib'
[13.626s] Level 1:colcon.colcon_core.environment:checking '/home/ubuntu/team1-rover/ros2_ws/install/py_rospackage/bin'
[13.629s] Level 1:colcon.colcon_core.environment:checking '/home/ubuntu/team1-rover/ros2_ws/install/py_rospackage/lib/pkgconfig/py_rospackage.pc'
[13.633s] Level 1:colcon.colcon_core.environment:checking '/home/ubuntu/team1-rover/ros2_ws/install/py_rospackage/lib/python3.10/site-packages'
[13.635s] Level 1:colcon.colcon_core.shell:create_environment_hook('py_rospackage', 'pythonpath')
[13.639s] INFO:colcon.colcon_core.shell:Creating environment hook '/home/ubuntu/team1-rover/ros2_ws/install/py_rospackage/share/py_rospackage/hook/pythonpath.ps1'
[13.644s] INFO:colcon.colcon_core.shell:Creating environment descriptor '/home/ubuntu/team1-rover/ros2_ws/install/py_rospackage/share/py_rospackage/hook/pythonpath.dsv'
[13.649s] INFO:colcon.colcon_core.shell:Creating environment hook '/home/ubuntu/team1-rover/ros2_ws/install/py_rospackage/share/py_rospackage/hook/pythonpath.sh'
[13.659s] Level 1:colcon.colcon_core.environment:checking '/home/ubuntu/team1-rover/ros2_ws/install/py_rospackage/bin'
[13.660s] Level 1:colcon.colcon_core.environment:create_environment_scripts_only(py_rospackage)
[13.664s] INFO:colcon.colcon_core.shell:Creating package script '/home/ubuntu/team1-rover/ros2_ws/install/py_rospackage/share/py_rospackage/package.ps1'
[13.675s] INFO:colcon.colcon_core.shell:Creating package descriptor '/home/ubuntu/team1-rover/ros2_ws/install/py_rospackage/share/py_rospackage/package.dsv'
[13.681s] INFO:colcon.colcon_core.shell:Creating package script '/home/ubuntu/team1-rover/ros2_ws/install/py_rospackage/share/py_rospackage/package.sh'
[13.689s] INFO:colcon.colcon_core.shell:Creating package script '/home/ubuntu/team1-rover/ros2_ws/install/py_rospackage/share/py_rospackage/package.bash'
[13.697s] INFO:colcon.colcon_core.shell:Creating package script '/home/ubuntu/team1-rover/ros2_ws/install/py_rospackage/share/py_rospackage/package.zsh'
[13.704s] Level 1:colcon.colcon_core.environment:create_file_with_runtime_dependencies(/home/ubuntu/team1-rover/ros2_ws/install/py_rospackage/share/colcon-core/packages/py_rospackage)
[13.707s] DEBUG:colcon.colcon_parallel_executor.executor.parallel:closing loop
[13.709s] DEBUG:colcon.colcon_parallel_executor.executor.parallel:loop closed
[13.711s] DEBUG:colcon.colcon_parallel_executor.executor.parallel:run_until_complete finished with '0'
[13.712s] DEBUG:colcon.colcon_core.event_reactor:joining thread
[13.779s] INFO:colcon.colcon_core.plugin_system:Skipping extension 'colcon_notification.desktop_notification.terminal_notifier': Not used on non-Darwin systems
[13.780s] INFO:colcon.colcon_core.plugin_system:Skipping extension 'colcon_notification.desktop_notification.win32': Not used on non-Windows systems
[13.781s] INFO:colcon.colcon_notification.desktop_notification:Sending desktop notification using 'notify2'
[13.786s] DEBUG:colcon.colcon_notification.desktop_notification.notify2:Failed to initialize notify2: org.freedesktop.DBus.Error.ServiceUnknown: The name org.freedesktop.Notifications was not provided by any .service files
[13.787s] DEBUG:colcon.colcon_core.event_reactor:joined thread
[13.790s] INFO:colcon.colcon_core.shell:Creating prefix script '/home/ubuntu/team1-rover/ros2_ws/install/local_setup.ps1'
[13.801s] INFO:colcon.colcon_core.shell:Creating prefix util module '/home/ubuntu/team1-rover/ros2_ws/install/_local_setup_util_ps1.py'
[13.821s] INFO:colcon.colcon_core.shell:Creating prefix chain script '/home/ubuntu/team1-rover/ros2_ws/install/setup.ps1'
[13.834s] INFO:colcon.colcon_core.shell:Creating prefix script '/home/ubuntu/team1-rover/ros2_ws/install/local_setup.sh'
[13.842s] INFO:colcon.colcon_core.shell:Creating prefix util module '/home/ubuntu/team1-rover/ros2_ws/install/_local_setup_util_sh.py'
[13.851s] INFO:colcon.colcon_core.shell:Creating prefix chain script '/home/ubuntu/team1-rover/ros2_ws/install/setup.sh'
[13.862s] INFO:colcon.colcon_core.shell:Creating prefix script '/home/ubuntu/team1-rover/ros2_ws/install/local_setup.bash'
[13.868s] INFO:colcon.colcon_core.shell:Creating prefix chain script '/home/ubuntu/team1-rover/ros2_ws/install/setup.bash'
[13.878s] INFO:colcon.colcon_core.shell:Creating prefix script '/home/ubuntu/team1-rover/ros2_ws/install/local_setup.zsh'
[13.884s] INFO:colcon.colcon_core.shell:Creating prefix chain script '/home/ubuntu/team1-rover/ros2_ws/install/setup.zsh'
